<?xml version="1.0" encoding="UTF-8" ?>
<testsuite tests="9" failures="0" name="com.company.service.impl.DynamicSQLServiceTest" time="0.183" errors="9" skipped="0">
  <properties>
[...]
</properties>
  <testcase classname="com.company.service.impl.DynamicSQLServiceTest" name="deleteBatch" time="0.015">
    <error message="Could not open JDBC Connection for transaction; nested exception is java.sql.SQLException: Access denied for user &apos;root&apos;@&apos;localhost&apos; (using password: YES)" type="org.springframework.transaction.CannotCreateTransactionException">org.springframework.transaction.CannotCreateTransactionException: Could not open JDBC Connection for transaction; nested exception is java.sql.SQLException: Access denied for user &apos;root&apos;@&apos;localhost&apos; (using password: YES)
	at org.springframework.jdbc.datasource.DataSourceTransactionManager.doBegin(DataSourceTransactionManager.java:289)
	at org.springframework.transaction.support.AbstractPlatformTransactionManager.getTransaction(AbstractPlatformTransactionManager.java:377)
	at org.springframework.transaction.interceptor.TransactionAspectSupport.createTransactionIfNecessary(TransactionAspectSupport.java:461)
	at org.springframework.transaction.interceptor.TransactionAspectSupport.invokeWithinTransaction(TransactionAspectSupport.java:277)
	at org.springframework.transaction.interceptor.TransactionInterceptor.invoke(TransactionInterceptor.java:96)
	at org.springframework.aop.framework.ReflectiveMethodInvocation.proceed(ReflectiveMethodInvocation.java:179)
	at org.springframework.aop.interceptor.ExposeInvocationInterceptor.invoke(ExposeInvocationInterceptor.java:92)
	at org.springframework.aop.framework.ReflectiveMethodInvocation.proceed(ReflectiveMethodInvocation.java:179)
	at org.springframework.aop.framework.CglibAopProxy$DynamicAdvisedInterceptor.intercept(CglibAopProxy.java:671)
	at com.company.service.impl.DynamicSQLService$$EnhancerBySpringCGLIB$$2547624a.deleteBatch(&lt;generated&gt;)
	at com.company.service.impl.DynamicSQLServiceTest.deleteBatch(DynamicSQLServiceTest.java:141)
	at sun.reflect.NativeMethodAccessorImpl.invoke0(Native Method)
	at sun.reflect.NativeMethodAccessorImpl.invoke(NativeMethodAccessorImpl.java:62)
	at sun.reflect.DelegatingMethodAccessorImpl.invoke(DelegatingMethodAccessorImpl.java:43)
	at java.lang.reflect.Method.invoke(Method.java:498)
	at org.junit.runners.model.FrameworkMethod$1.runReflectiveCall(FrameworkMethod.java:50)
	at org.junit.internal.runners.model.ReflectiveCallable.run(ReflectiveCallable.java:12)
	at org.junit.runners.model.FrameworkMethod.invokeExplosively(FrameworkMethod.java:47)
	at org.junit.internal.runners.statements.InvokeMethod.evaluate(InvokeMethod.java:17)
	at org.springframework.test.context.junit4.statements.RunBeforeTestMethodCallbacks.evaluate(RunBeforeTestMethodCallbacks.java:75)
	at org.springframework.test.context.junit4.statements.RunAfterTestMethodCallbacks.evaluate(RunAfterTestMethodCallbacks.java:86)
	at org.springframework.test.context.junit4.statements.SpringRepeat.evaluate(SpringRepeat.java:84)
	at org.junit.runners.ParentRunner.runLeaf(ParentRunner.java:325)
	at org.springframework.test.context.junit4.SpringJUnit4ClassRunner.runChild(SpringJUnit4ClassRunner.java:252)
	at org.springframework.test.context.junit4.SpringJUnit4ClassRunner.runChild(SpringJUnit4ClassRunner.java:94)
	at org.junit.runners.ParentRunner$3.run(ParentRunner.java:290)
	at org.junit.runners.ParentRunner$1.schedule(ParentRunner.java:71)
	at org.junit.runners.ParentRunner.runChildren(ParentRunner.java:288)
	at org.junit.runners.ParentRunner.access$000(ParentRunner.java:58)
	at org.junit.runners.ParentRunner$2.evaluate(ParentRunner.java:268)
	at org.springframework.test.context.junit4.statements.RunBeforeTestClassCallbacks.evaluate(RunBeforeTestClassCallbacks.java:61)
	at org.springframework.test.context.junit4.statements.RunAfterTestClassCallbacks.evaluate(RunAfterTestClassCallbacks.java:70)
	at org.junit.runners.ParentRunner.run(ParentRunner.java:363)
	at org.springframework.test.context.junit4.SpringJUnit4ClassRunner.run(SpringJUnit4ClassRunner.java:191)
	at org.apache.maven.surefire.junit4.JUnit4Provider.execute(JUnit4Provider.java:252)
	at org.apache.maven.surefire.junit4.JUnit4Provider.executeTestSet(JUnit4Provider.java:141)
	at org.apache.maven.surefire.junit4.JUnit4Provider.invoke(JUnit4Provider.java:112)
	at sun.reflect.NativeMethodAccessorImpl.invoke0(Native Method)
	at sun.reflect.NativeMethodAccessorImpl.invoke(NativeMethodAccessorImpl.java:62)
	at sun.reflect.DelegatingMethodAccessorImpl.invoke(DelegatingMethodAccessorImpl.java:43)
	at java.lang.reflect.Method.invoke(Method.java:498)
	at org.apache.maven.surefire.util.ReflectionUtils.invokeMethodWithArray(ReflectionUtils.java:189)
	at org.apache.maven.surefire.booter.ProviderFactory$ProviderProxy.invoke(ProviderFactory.java:165)
	at org.apache.maven.surefire.booter.ProviderFactory.invokeProvider(ProviderFactory.java:85)
	at org.apache.maven.surefire.booter.ForkedBooter.runSuitesInProcess(ForkedBooter.java:115)
	at org.apache.maven.surefire.booter.ForkedBooter.main(ForkedBooter.java:75)
Caused by: java.sql.SQLException: Access denied for user &apos;root&apos;@&apos;localhost&apos; (using password: YES)
	at com.mysql.jdbc.SQLError.createSQLException(SQLError.java:1086)
	at com.mysql.jdbc.MysqlIO.checkErrorPacket(MysqlIO.java:4237)
	at com.mysql.jdbc.MysqlIO.checkErrorPacket(MysqlIO.java:4169)
	at com.mysql.jdbc.MysqlIO.checkErrorPacket(MysqlIO.java:928)
	at com.mysql.jdbc.MysqlIO.proceedHandshakeWithPluggableAuthentication(MysqlIO.java:1750)
	at com.mysql.jdbc.MysqlIO.doHandshake(MysqlIO.java:1290)
	at com.mysql.jdbc.ConnectionImpl.coreConnect(ConnectionImpl.java:2502)
	at com.mysql.jdbc.ConnectionImpl.connectOneTryOnly(ConnectionImpl.java:2535)
	at com.mysql.jdbc.ConnectionImpl.createNewIO(ConnectionImpl.java:2320)
	at com.mysql.jdbc.ConnectionImpl.&lt;init&gt;(ConnectionImpl.java:834)
	at com.mysql.jdbc.JDBC4Connection.&lt;init&gt;(JDBC4Connection.java:46)
	at sun.reflect.NativeConstructorAccessorImpl.newInstance0(Native Method)
	at sun.reflect.NativeConstructorAccessorImpl.newInstance(NativeConstructorAccessorImpl.java:62)
	at sun.reflect.DelegatingConstructorAccessorImpl.newInstance(DelegatingConstructorAccessorImpl.java:45)
	at java.lang.reflect.Constructor.newInstance(Constructor.java:423)
	at com.mysql.jdbc.Util.handleNewInstance(Util.java:411)
	at com.mysql.jdbc.ConnectionImpl.getInstance(ConnectionImpl.java:416)
	at com.mysql.jdbc.NonRegisteringDriver.connect(NonRegisteringDriver.java:347)
	at java.sql.DriverManager.getConnection(DriverManager.java:664)
	at java.sql.DriverManager.getConnection(DriverManager.java:208)
	at org.springframework.jdbc.datasource.DriverManagerDataSource.getConnectionFromDriverManager(DriverManagerDataSource.java:153)
	at org.springframework.jdbc.datasource.DriverManagerDataSource.getConnectionFromDriver(DriverManagerDataSource.java:144)
	at org.springframework.jdbc.datasource.AbstractDriverBasedDataSource.getConnectionFromDriver(AbstractDriverBasedDataSource.java:196)
	at org.springframework.jdbc.datasource.AbstractDriverBasedDataSource.getConnection(AbstractDriverBasedDataSource.java:159)
	at org.springframework.jdbc.datasource.DataSourceTransactionManager.doBegin(DataSourceTransactionManager.java:246)
	... 45 more
</error>
    <system-out>09:29:01,672 DEBUG SpringJUnit4ClassRunner:140 - SpringJUnit4ClassRunner constructor called with [class com.company.service.impl.DynamicSQLServiceTest]
09:29:01,679 DEBUG BootstrapUtils:95 - Instantiating CacheAwareContextLoaderDelegate from class [org.springframework.test.context.cache.DefaultCacheAwareContextLoaderDelegate]
09:29:01,685 DEBUG BootstrapUtils:78 - Instantiating BootstrapContext using constructor [public org.springframework.test.context.support.DefaultBootstrapContext(java.lang.Class,org.springframework.test.context.CacheAwareContextLoaderDelegate)]
09:29:01,694 DEBUG BootstrapUtils:131 - Instantiating TestContextBootstrapper for test class [com.company.service.impl.DynamicSQLServiceTest] from class [org.springframework.test.context.support.DefaultTestContextBootstrapper]
09:29:01,712 DEBUG AbstractDelegatingSmartContextLoader:94 - Delegating to GenericXmlContextLoader to process context configuration [ContextConfigurationAttributes@3ffc5af1 declaringClass = &apos;commons.SpringTestCase&apos;, classes = &apos;{}&apos;, locations = &apos;{classpath:applicationContext.xml}&apos;, inheritLocations = true, initializers = &apos;{}&apos;, inheritInitializers = true, name = [null], contextLoaderClass = &apos;org.springframework.test.context.ContextLoader&apos;].
09:29:01,729 DEBUG ActiveProfilesUtils:78 - Could not find an &apos;annotation declaring class&apos; for annotation type [org.springframework.test.context.ActiveProfiles] and class [com.company.service.impl.DynamicSQLServiceTest]
09:29:01,737  INFO DefaultTestContextBootstrapper:174 - Using TestExecutionListeners: [org.springframework.test.context.web.ServletTestExecutionListener@1ed4004b, org.springframework.test.context.support.DirtiesContextBeforeModesTestExecutionListener@ff5b51f, org.springframework.test.context.support.DependencyInjectionTestExecutionListener@25bbe1b6, org.springframework.test.context.support.DirtiesContextTestExecutionListener@5702b3b1]
09:29:01,739 DEBUG ProfileValueUtils:68 - Retrieved @ProfileValueSourceConfiguration [null] for test class [com.company.service.impl.DynamicSQLServiceTest]
09:29:01,740 DEBUG ProfileValueUtils:80 - Retrieved ProfileValueSource type [class org.springframework.test.annotation.SystemProfileValueSource] for class [com.company.service.impl.DynamicSQLServiceTest]
09:29:01,741 DEBUG ProfileValueUtils:68 - Retrieved @ProfileValueSourceConfiguration [null] for test class [com.company.service.impl.DynamicSQLServiceTest]
09:29:01,741 DEBUG ProfileValueUtils:80 - Retrieved ProfileValueSource type [class org.springframework.test.annotation.SystemProfileValueSource] for class [com.company.service.impl.DynamicSQLServiceTest]
09:29:01,744 DEBUG AbstractDirtiesContextTestExecutionListener:141 - Before test class: context [DefaultTestContext@617faa95 testClass = DynamicSQLServiceTest, testInstance = [null], testMethod = [null], testException = [null], mergedContextConfiguration = [MergedContextConfiguration@1e127982 testClass = DynamicSQLServiceTest, locations = &apos;{classpath:applicationContext.xml}&apos;, classes = &apos;{}&apos;, contextInitializerClasses = &apos;[]&apos;, activeProfiles = &apos;{}&apos;, propertySourceLocations = &apos;{}&apos;, propertySourceProperties = &apos;{}&apos;, contextCustomizers = set[[empty]], contextLoader = &apos;org.springframework.test.context.support.DelegatingSmartContextLoader&apos;, parent = [null]]], class annotated with @DirtiesContext [false] with mode [null].
09:29:01,745 DEBUG ProfileValueUtils:68 - Retrieved @ProfileValueSourceConfiguration [null] for test class [com.company.service.impl.DynamicSQLServiceTest]
09:29:01,746 DEBUG ProfileValueUtils:80 - Retrieved ProfileValueSource type [class org.springframework.test.annotation.SystemProfileValueSource] for class [com.company.service.impl.DynamicSQLServiceTest]
09:29:01,759 DEBUG DependencyInjectionTestExecutionListener:81 - Performing dependency injection for test context [[DefaultTestContext@617faa95 testClass = DynamicSQLServiceTest, testInstance = com.company.service.impl.DynamicSQLServiceTest@335eadca, testMethod = [null], testException = [null], mergedContextConfiguration = [MergedContextConfiguration@1e127982 testClass = DynamicSQLServiceTest, locations = &apos;{classpath:applicationContext.xml}&apos;, classes = &apos;{}&apos;, contextInitializerClasses = &apos;[]&apos;, activeProfiles = &apos;{}&apos;, propertySourceLocations = &apos;{}&apos;, propertySourceProperties = &apos;{}&apos;, contextCustomizers = set[[empty]], contextLoader = &apos;org.springframework.test.context.support.DelegatingSmartContextLoader&apos;, parent = [null]]]].
09:29:01,760 DEBUG AbstractDelegatingSmartContextLoader:104 - Delegating to GenericXmlContextLoader to load context from [MergedContextConfiguration@1e127982 testClass = DynamicSQLServiceTest, locations = &apos;{classpath:applicationContext.xml}&apos;, classes = &apos;{}&apos;, contextInitializerClasses = &apos;[]&apos;, activeProfiles = &apos;{}&apos;, propertySourceLocations = &apos;{}&apos;, propertySourceProperties = &apos;{}&apos;, contextCustomizers = set[[empty]], contextLoader = &apos;org.springframework.test.context.support.DelegatingSmartContextLoader&apos;, parent = [null]].
09:29:01,763 DEBUG AbstractGenericContextLoader:109 - Loading ApplicationContext for merged context configuration [[MergedContextConfiguration@1e127982 testClass = DynamicSQLServiceTest, locations = &apos;{classpath:applicationContext.xml}&apos;, classes = &apos;{}&apos;, contextInitializerClasses = &apos;[]&apos;, activeProfiles = &apos;{}&apos;, propertySourceLocations = &apos;{}&apos;, propertySourceProperties = &apos;{}&apos;, contextCustomizers = set[[empty]], contextLoader = &apos;org.springframework.test.context.support.DelegatingSmartContextLoader&apos;, parent = [null]]].
09:29:01,799 DEBUG StandardEnvironment:106 - Adding PropertySource &apos;systemProperties&apos; with lowest search precedence
09:29:01,800 DEBUG StandardEnvironment:106 - Adding PropertySource &apos;systemEnvironment&apos; with lowest search precedence
09:29:01,800 DEBUG StandardEnvironment:124 - Initialized StandardEnvironment with PropertySources [MapPropertySource@19717364 {name=&apos;systemProperties&apos;, properties={idea.version=2018.2.7, java.runtime.name=Java(TM) SE Runtime Environment, sun.boot.library.path=C:\Program Files\Java\jdk1.8.0_131\jre\bin, java.vm.version=25.131-b11, java.vm.vendor=Oracle Corporation, java.vendor.url=http://java.oracle.com/, path.separator=;, java.vm.name=Java HotSpot(TM) 64-Bit Server VM, file.encoding.pkg=sun.io, user.country=CN, user.script=, sun.java.launcher=SUN_STANDARD, sun.os.patch.level=, java.vm.specification.name=Java Virtual Machine Specification, user.dir=D:\IdeaProjects\fullstack1802\ssmdemo, java.runtime.version=1.8.0_131-b11, basedir=D:\IdeaProjects\fullstack1802\ssmdemo, java.awt.graphicsenv=sun.awt.Win32GraphicsEnvironment, java.endorsed.dirs=C:\Program Files\Java\jdk1.8.0_131\jre\lib\endorsed, os.arch=amd64, surefire.real.class.path=D:\IdeaProjects\fullstack1802\ssmdemo\target\surefire\surefirebooter6061869623725118096.jar, java.io.tmpdir=C:\Users\afang\AppData\Local\Temp\, line.separator=
, java.vm.specification.vendor=Oracle Corporation, user.variant=, os.name=Windows 10, sun.jnu.encoding=GBK, java.library.path=C:\Program Files\Java\jdk1.8.0_131\jre\bin;C:\Windows\Sun\Java\bin;C:\Windows\system32;C:\Windows;C:\Program Files\Java\jdk1.8.0_131\bin;C:\Program Files\Java\jdk1.8.0_131\jre\bin;%M2_HOME%\bin;C:\Program Files\Git\cmd;C:\Users\afang\AppData\Local\Microsoft\WindowsApps;C:\Users\afang\AppData\Roaming\npm;C:\Program Files\MongoDB\Server\4.0\bin;D:\develop\maven-3.5.4\bin;., surefire.test.class.path=D:\IdeaProjects\fullstack1802\ssmdemo\target\test-classes;D:\IdeaProjects\fullstack1802\ssmdemo\target\classes;D:\develop\maven-3.5.4\repository\com\fasterxml\jackson\core\jackson-databind\2.9.7\jackson-databind-2.9.7.jar;D:\develop\maven-3.5.4\repository\com\fasterxml\jackson\core\jackson-annotations\2.9.0\jackson-annotations-2.9.0.jar;D:\develop\maven-3.5.4\repository\com\fasterxml\jackson\core\jackson-core\2.9.7\jackson-core-2.9.7.jar;D:\develop\maven-3.5.4\repository\javax\servlet\javax.servlet-api\3.1.0\javax.servlet-api-3.1.0.jar;D:\develop\maven-3.5.4\repository\javax\servlet\jstl\1.2\jstl-1.2.jar;D:\develop\maven-3.5.4\repository\commons-io\commons-io\2.6\commons-io-2.6.jar;D:\develop\maven-3.5.4\repository\commons-fileupload\commons-fileupload\1.3.3\commons-fileupload-1.3.3.jar;D:\develop\maven-3.5.4\repository\org\springframework\spring-context\4.3.18.RELEASE\spring-context-4.3.18.RELEASE.jar;D:\develop\maven-3.5.4\repository\org\springframework\spring-beans\4.3.18.RELEASE\spring-beans-4.3.18.RELEASE.jar;D:\develop\maven-3.5.4\repository\org\springframework\spring-expression\4.3.18.RELEASE\spring-expression-4.3.18.RELEASE.jar;D:\develop\maven-3.5.4\repository\org\springframework\spring-oxm\4.3.18.RELEASE\spring-oxm-4.3.18.RELEASE.jar;D:\develop\maven-3.5.4\repository\org\springframework\spring-webmvc\4.3.18.RELEASE\spring-webmvc-4.3.18.RELEASE.jar;D:\develop\maven-3.5.4\repository\org\springframework\spring-web\4.3.18.RELEASE\spring-web-4.3.18.RELEASE.jar;D:\develop\maven-3.5.4\repository\org\springframework\spring-test\4.3.18.RELEASE\spring-test-4.3.18.RELEASE.jar;D:\develop\maven-3.5.4\repository\org\springframework\spring-jdbc\4.3.18.RELEASE\spring-jdbc-4.3.18.RELEASE.jar;D:\develop\maven-3.5.4\repository\org\springframework\spring-orm\4.3.18.RELEASE\spring-orm-4.3.18.RELEASE.jar;D:\develop\maven-3.5.4\repository\org\springframework\spring-core\4.3.18.RELEASE\spring-core-4.3.18.RELEASE.jar;D:\develop\maven-3.5.4\repository\commons-logging\commons-logging\1.2\commons-logging-1.2.jar;D:\develop\maven-3.5.4\repository\org\springframework\spring-context-support\4.3.18.RELEASE\spring-context-support-4.3.18.RELEASE.jar;D:\develop\maven-3.5.4\repository\org\springframework\spring-aop\4.3.18.RELEASE\spring-aop-4.3.18.RELEASE.jar;D:\develop\maven-3.5.4\repository\org\springframework\spring-aspects\4.3.18.RELEASE\spring-aspects-4.3.18.RELEASE.jar;D:\develop\maven-3.5.4\repository\org\aspectj\aspectjweaver\1.8.9\aspectjweaver-1.8.9.jar;D:\develop\maven-3.5.4\repository\org\springframework\spring-tx\4.3.18.RELEASE\spring-tx-4.3.18.RELEASE.jar;D:\develop\maven-3.5.4\repository\junit\junit\4.12\junit-4.12.jar;D:\develop\maven-3.5.4\repository\org\hamcrest\hamcrest-core\1.3\hamcrest-core-1.3.jar;D:\develop\maven-3.5.4\repository\org\mybatis\mybatis\3.2.1\mybatis-3.2.1.jar;D:\develop\maven-3.5.4\repository\org\mybatis\mybatis-spring\1.2.0\mybatis-spring-1.2.0.jar;D:\develop\maven-3.5.4\repository\mysql\mysql-connector-java\5.1.29\mysql-connector-java-5.1.29.jar;D:\develop\maven-3.5.4\repository\org\slf4j\slf4j-log4j12\1.7.25\slf4j-log4j12-1.7.25.jar;D:\develop\maven-3.5.4\repository\org\slf4j\slf4j-api\1.7.25\slf4j-api-1.7.25.jar;D:\develop\maven-3.5.4\repository\log4j\log4j\1.2.17\log4j-1.2.17.jar;D:\develop\maven-3.5.4\repository\com\github\pagehelper\pagehelper\5.1.2\pagehelper-5.1.2.jar;D:\develop\maven-3.5.4\repository\com\github\jsqlparser\jsqlparser\1.0\jsqlparser-1.0.jar;, java.specification.name=Java Platform API Specification, java.class.version=52.0, sun.management.compiler=HotSpot 64-Bit Tiered Compilers, os.version=10.0, user.home=C:\Users\afang, user.timezone=Asia/Shanghai, java.awt.printerjob=sun.awt.windows.WPrinterJob, file.encoding=GBK, java.specification.version=1.8, java.class.path=D:\IdeaProjects\fullstack1802\ssmdemo\target\test-classes;D:\IdeaProjects\fullstack1802\ssmdemo\target\classes;D:\develop\maven-3.5.4\repository\com\fasterxml\jackson\core\jackson-databind\2.9.7\jackson-databind-2.9.7.jar;D:\develop\maven-3.5.4\repository\com\fasterxml\jackson\core\jackson-annotations\2.9.0\jackson-annotations-2.9.0.jar;D:\develop\maven-3.5.4\repository\com\fasterxml\jackson\core\jackson-core\2.9.7\jackson-core-2.9.7.jar;D:\develop\maven-3.5.4\repository\javax\servlet\javax.servlet-api\3.1.0\javax.servlet-api-3.1.0.jar;D:\develop\maven-3.5.4\repository\javax\servlet\jstl\1.2\jstl-1.2.jar;D:\develop\maven-3.5.4\repository\commons-io\commons-io\2.6\commons-io-2.6.jar;D:\develop\maven-3.5.4\repository\commons-fileupload\commons-fileupload\1.3.3\commons-fileupload-1.3.3.jar;D:\develop\maven-3.5.4\repository\org\springframework\spring-context\4.3.18.RELEASE\spring-context-4.3.18.RELEASE.jar;D:\develop\maven-3.5.4\repository\org\springframework\spring-beans\4.3.18.RELEASE\spring-beans-4.3.18.RELEASE.jar;D:\develop\maven-3.5.4\repository\org\springframework\spring-expression\4.3.18.RELEASE\spring-expression-4.3.18.RELEASE.jar;D:\develop\maven-3.5.4\repository\org\springframework\spring-oxm\4.3.18.RELEASE\spring-oxm-4.3.18.RELEASE.jar;D:\develop\maven-3.5.4\repository\org\springframework\spring-webmvc\4.3.18.RELEASE\spring-webmvc-4.3.18.RELEASE.jar;D:\develop\maven-3.5.4\repository\org\springframework\spring-web\4.3.18.RELEASE\spring-web-4.3.18.RELEASE.jar;D:\develop\maven-3.5.4\repository\org\springframework\spring-test\4.3.18.RELEASE\spring-test-4.3.18.RELEASE.jar;D:\develop\maven-3.5.4\repository\org\springframework\spring-jdbc\4.3.18.RELEASE\spring-jdbc-4.3.18.RELEASE.jar;D:\develop\maven-3.5.4\repository\org\springframework\spring-orm\4.3.18.RELEASE\spring-orm-4.3.18.RELEASE.jar;D:\develop\maven-3.5.4\repository\org\springframework\spring-core\4.3.18.RELEASE\spring-core-4.3.18.RELEASE.jar;D:\develop\maven-3.5.4\repository\commons-logging\commons-logging\1.2\commons-logging-1.2.jar;D:\develop\maven-3.5.4\repository\org\springframework\spring-context-support\4.3.18.RELEASE\spring-context-support-4.3.18.RELEASE.jar;D:\develop\maven-3.5.4\repository\org\springframework\spring-aop\4.3.18.RELEASE\spring-aop-4.3.18.RELEASE.jar;D:\develop\maven-3.5.4\repository\org\springframework\spring-aspects\4.3.18.RELEASE\spring-aspects-4.3.18.RELEASE.jar;D:\develop\maven-3.5.4\repository\org\aspectj\aspectjweaver\1.8.9\aspectjweaver-1.8.9.jar;D:\develop\maven-3.5.4\repository\org\springframework\spring-tx\4.3.18.RELEASE\spring-tx-4.3.18.RELEASE.jar;D:\develop\maven-3.5.4\repository\junit\junit\4.12\junit-4.12.jar;D:\develop\maven-3.5.4\repository\org\hamcrest\hamcrest-core\1.3\hamcrest-core-1.3.jar;D:\develop\maven-3.5.4\repository\org\mybatis\mybatis\3.2.1\mybatis-3.2.1.jar;D:\develop\maven-3.5.4\repository\org\mybatis\mybatis-spring\1.2.0\mybatis-spring-1.2.0.jar;D:\develop\maven-3.5.4\repository\mysql\mysql-connector-java\5.1.29\mysql-connector-java-5.1.29.jar;D:\develop\maven-3.5.4\repository\org\slf4j\slf4j-log4j12\1.7.25\slf4j-log4j12-1.7.25.jar;D:\develop\maven-3.5.4\repository\org\slf4j\slf4j-api\1.7.25\slf4j-api-1.7.25.jar;D:\develop\maven-3.5.4\repository\log4j\log4j\1.2.17\log4j-1.2.17.jar;D:\develop\maven-3.5.4\repository\com\github\pagehelper\pagehelper\5.1.2\pagehelper-5.1.2.jar;D:\develop\maven-3.5.4\repository\com\github\jsqlparser\jsqlparser\1.0\jsqlparser-1.0.jar;, user.name=afang, java.vm.specification.version=1.8, sun.java.command=D:\IdeaProjects\fullstack1802\ssmdemo\target\surefire\surefirebooter6061869623725118096.jar D:\IdeaProjects\fullstack1802\ssmdemo\target\surefire\surefire1417957670262288684tmp D:\IdeaProjects\fullstack1802\ssmdemo\target\surefire\surefire_064684022231899413tmp, java.home=C:\Program Files\Java\jdk1.8.0_131\jre, sun.arch.data.model=64, user.language=zh, java.specification.vendor=Oracle Corporation, awt.toolkit=sun.awt.windows.WToolkit, java.vm.info=mixed mode, java.version=1.8.0_131, java.ext.dirs=C:\Program Files\Java\jdk1.8.0_131\jre\lib\ext;C:\Windows\Sun\Java\lib\ext, sun.boot.class.path=C:\Program Files\Java\jdk1.8.0_131\jre\lib\resources.jar;C:\Program Files\Java\jdk1.8.0_131\jre\lib\rt.jar;C:\Program Files\Java\jdk1.8.0_131\jre\lib\sunrsasign.jar;C:\Program Files\Java\jdk1.8.0_131\jre\lib\jsse.jar;C:\Program Files\Java\jdk1.8.0_131\jre\lib\jce.jar;C:\Program Files\Java\jdk1.8.0_131\jre\lib\charsets.jar;C:\Program Files\Java\jdk1.8.0_131\jre\lib\jfr.jar;C:\Program Files\Java\jdk1.8.0_131\jre\classes, java.vendor=Oracle Corporation, localRepository=D:\develop\maven-3.5.4\repository, file.separator=\, java.vendor.url.bug=http://bugreport.sun.com/bugreport/, sun.io.unicode.encoding=UnicodeLittle, sun.cpu.endian=little, sun.desktop=windows, sun.cpu.isalist=amd64}}, SystemEnvironmentPropertySource@1540270363 {name=&apos;systemEnvironment&apos;, properties={PATH=C:\Program Files\Java\jdk1.8.0_131\bin;C:\Program Files\Java\jdk1.8.0_131\jre\bin;%M2_HOME%\bin;C:\Program Files\Git\cmd;C:\Users\afang\AppData\Local\Microsoft\WindowsApps;C:\Users\afang\AppData\Roaming\npm;C:\Program Files\MongoDB\Server\4.0\bin;D:\develop\maven-3.5.4\bin, USERDOMAIN_ROAMINGPROFILE=DESKTOP-RIGRVBO, LOCALAPPDATA=C:\Users\afang\AppData\Local, PROCESSOR_LEVEL=6, SYSTEMDRIVE=C:, COMMONPROGRAMFILES(X86)=C:\Program Files (x86)\Common Files, USERDOMAIN=DESKTOP-RIGRVBO, LOGONSERVER=\\DESKTOP-RIGRVBO, JAVA_HOME=C:\Program Files\Java\jdk1.8.0_131, PROMPT=$P$G, SESSIONNAME=Console, ALLUSERSPROFILE=C:\ProgramData, PROGRAMFILES(X86)=C:\Program Files (x86), PROCESSOR_ARCHITECTURE=AMD64, PROGRAMFILES=C:\Program Files, APPDATA=C:\Users\afang\AppData\Roaming, PSMODULEPATH=C:\Program Files\WindowsPowerShell\Modules;C:\Windows\system32\WindowsPowerShell\v1.0\Modules, PROGRAMW6432=C:\Program Files, PROGRAMDATA=C:\ProgramData, SYSTEMROOT=C:\Windows, USERNAME=afang, ONEDRIVE=C:\Users\afang\OneDrive, PATHEXT=.COM;.EXE;.BAT;.CMD;.VBS;.VBE;.JS;.JSE;.WSF;.WSH;.MSC, OS=Windows_NT, COMMONPROGRAMW6432=C:\Program Files\Common Files, COMPUTERNAME=DESKTOP-RIGRVBO, COMMONPROGRAMFILES=C:\Program Files\Common Files, COMSPEC=C:\Windows\system32\cmd.exe, PROCESSOR_REVISION=3c03, WINDIR=C:\Windows, CLASS_PATH=C:\Program Files\Java\jdk1.8.0_131\lib;C:\Program Files\Java\jdk1.8.0_131\jre\lib;, =D:=D:\IdeaProjects\fullstack1802\ssmdemo, HOMEPATH=\Users\afang, TEMP=C:\Users\afang\AppData\Local\Temp, HOMEDRIVE=C:, PROCESSOR_IDENTIFIER=Intel64 Family 6 Model 60 Stepping 3, GenuineIntel, USERPROFILE=C:\Users\afang, TMP=C:\Users\afang\AppData\Local\Temp, M2_HOME=D:\develop\maven-3.5.4, PUBLIC=C:\Users\Public, NUMBER_OF_PROCESSORS=8}}]
09:29:01,818  INFO XmlBeanDefinitionReader:317 - Loading XML bean definitions from class path resource [applicationContext.xml]
09:29:01,842 DEBUG DefaultDocumentLoader:73 - Using JAXP provider [com.sun.org.apache.xerces.internal.jaxp.DocumentBuilderFactoryImpl]
09:29:01,870 DEBUG PluggableSchemaResolver:141 - Loading schema mappings from [META-INF/spring.schemas]
09:29:01,873 DEBUG PluggableSchemaResolver:147 - Loaded schema mappings: {http://www.springframework.org/schema/tx/spring-tx-4.3.xsd=org/springframework/transaction/config/spring-tx-4.3.xsd, http://www.springframework.org/schema/tx/spring-tx-2.5.xsd=org/springframework/transaction/config/spring-tx-2.5.xsd, http://www.springframework.org/schema/cache/spring-cache-4.2.xsd=org/springframework/cache/config/spring-cache-4.2.xsd, http://www.springframework.org/schema/aop/spring-aop-4.1.xsd=org/springframework/aop/config/spring-aop-4.1.xsd, http://www.springframework.org/schema/context/spring-context-3.1.xsd=org/springframework/context/config/spring-context-3.1.xsd, http://www.springframework.org/schema/jdbc/spring-jdbc-4.1.xsd=org/springframework/jdbc/config/spring-jdbc-4.1.xsd, http://www.springframework.org/schema/mvc/spring-mvc-4.1.xsd=org/springframework/web/servlet/config/spring-mvc-4.1.xsd, http://www.springframework.org/schema/util/spring-util-3.0.xsd=org/springframework/beans/factory/xml/spring-util-3.0.xsd, http://mybatis.org/schema/mybatis-spring-1.2.xsd=org/mybatis/spring/config/mybatis-spring-1.2.xsd, http://www.springframework.org/schema/aop/spring-aop-3.2.xsd=org/springframework/aop/config/spring-aop-3.2.xsd, http://www.springframework.org/schema/tool/spring-tool.xsd=org/springframework/beans/factory/xml/spring-tool-4.3.xsd, http://www.springframework.org/schema/lang/spring-lang-4.1.xsd=org/springframework/scripting/config/spring-lang-4.1.xsd, http://www.springframework.org/schema/context/spring-context-4.0.xsd=org/springframework/context/config/spring-context-4.0.xsd, http://www.springframework.org/schema/mvc/spring-mvc-3.2.xsd=org/springframework/web/servlet/config/spring-mvc-3.2.xsd, http://www.springframework.org/schema/beans/spring-beans-4.2.xsd=org/springframework/beans/factory/xml/spring-beans-4.2.xsd, http://www.springframework.org/schema/oxm/spring-oxm-3.0.xsd=org/springframework/oxm/config/spring-oxm-3.0.xsd, http://www.springframework.org/schema/tool/spring-tool-4.1.xsd=org/springframework/beans/factory/xml/spring-tool-4.1.xsd, http://www.springframework.org/schema/lang/spring-lang-3.2.xsd=org/springframework/scripting/config/spring-lang-3.2.xsd, http://www.springframework.org/schema/cache/spring-cache-3.2.xsd=org/springframework/cache/config/spring-cache-3.2.xsd, http://www.springframework.org/schema/jee/spring-jee-4.1.xsd=org/springframework/ejb/config/spring-jee-4.1.xsd, http://www.springframework.org/schema/jdbc/spring-jdbc-3.1.xsd=org/springframework/jdbc/config/spring-jdbc-3.1.xsd, http://www.springframework.org/schema/util/spring-util-2.0.xsd=org/springframework/beans/factory/xml/spring-util-2.0.xsd, http://www.springframework.org/schema/task/spring-task-4.2.xsd=org/springframework/scheduling/config/spring-task-4.2.xsd, http://www.springframework.org/schema/tool/spring-tool-3.2.xsd=org/springframework/beans/factory/xml/spring-tool-3.2.xsd, http://www.springframework.org/schema/context/spring-context.xsd=org/springframework/context/config/spring-context-4.3.xsd, http://www.springframework.org/schema/tx/spring-tx-4.2.xsd=org/springframework/transaction/config/spring-tx-4.2.xsd, http://www.springframework.org/schema/cache/spring-cache-4.1.xsd=org/springframework/cache/config/spring-cache-4.1.xsd, http://www.springframework.org/schema/aop/spring-aop-4.0.xsd=org/springframework/aop/config/spring-aop-4.0.xsd, http://www.springframework.org/schema/jee/spring-jee-3.2.xsd=org/springframework/ejb/config/spring-jee-3.2.xsd, http://www.springframework.org/schema/context/spring-context-3.0.xsd=org/springframework/context/config/spring-context-3.0.xsd, http://www.springframework.org/schema/jdbc/spring-jdbc-4.0.xsd=org/springframework/jdbc/config/spring-jdbc-4.0.xsd, http://www.springframework.org/schema/mvc/spring-mvc-4.0.xsd=org/springframework/web/servlet/config/spring-mvc-4.0.xsd, http://www.springframework.org/schema/util/spring-util-4.3.xsd=org/springframework/beans/factory/xml/spring-util-4.3.xsd, http://www.springframework.org/schema/util/spring-util-2.5.xsd=org/springframework/beans/factory/xml/spring-util-2.5.xsd, http://www.springframework.org/schema/beans/spring-beans-3.2.xsd=org/springframework/beans/factory/xml/spring-beans-3.2.xsd, http://www.springframework.org/schema/aop/spring-aop-3.1.xsd=org/springframework/aop/config/spring-aop-3.1.xsd, http://www.springframework.org/schema/lang/spring-lang-4.0.xsd=org/springframework/scripting/config/spring-lang-4.0.xsd, http://www.springframework.org/schema/mvc/spring-mvc.xsd=org/springframework/web/servlet/config/spring-mvc-4.3.xsd, http://www.springframework.org/schema/mvc/spring-mvc-3.1.xsd=org/springframework/web/servlet/config/spring-mvc-3.1.xsd, http://www.springframework.org/schema/beans/spring-beans-4.1.xsd=org/springframework/beans/factory/xml/spring-beans-4.1.xsd, http://www.springframework.org/schema/oxm/spring-oxm-4.3.xsd=org/springframework/oxm/config/spring-oxm-4.3.xsd, http://www.springframework.org/schema/tool/spring-tool-4.0.xsd=org/springframework/beans/factory/xml/spring-tool-4.0.xsd, http://www.springframework.org/schema/tx/spring-tx-3.2.xsd=org/springframework/transaction/config/spring-tx-3.2.xsd, http://www.springframework.org/schema/lang/spring-lang-3.1.xsd=org/springframework/scripting/config/spring-lang-3.1.xsd, http://www.springframework.org/schema/cache/spring-cache-3.1.xsd=org/springframework/cache/config/spring-cache-3.1.xsd, http://www.springframework.org/schema/jee/spring-jee-4.0.xsd=org/springframework/ejb/config/spring-jee-4.0.xsd, http://www.springframework.org/schema/jdbc/spring-jdbc-3.0.xsd=org/springframework/jdbc/config/spring-jdbc-3.0.xsd, http://www.springframework.org/schema/task/spring-task-4.1.xsd=org/springframework/scheduling/config/spring-task-4.1.xsd, http://www.springframework.org/schema/jdbc/spring-jdbc.xsd=org/springframework/jdbc/config/spring-jdbc-4.3.xsd, http://www.springframework.org/schema/tool/spring-tool-3.1.xsd=org/springframework/beans/factory/xml/spring-tool-3.1.xsd, http://www.springframework.org/schema/tx/spring-tx-4.1.xsd=org/springframework/transaction/config/spring-tx-4.1.xsd, http://www.springframework.org/schema/cache/spring-cache-4.0.xsd=org/springframework/cache/config/spring-cache-4.0.xsd, http://www.springframework.org/schema/jee/spring-jee-3.1.xsd=org/springframework/ejb/config/spring-jee-3.1.xsd, http://www.springframework.org/schema/util/spring-util-4.2.xsd=org/springframework/beans/factory/xml/spring-util-4.2.xsd, http://www.springframework.org/schema/task/spring-task-3.2.xsd=org/springframework/scheduling/config/spring-task-3.2.xsd, http://www.springframework.org/schema/beans/spring-beans-3.1.xsd=org/springframework/beans/factory/xml/spring-beans-3.1.xsd, http://www.springframework.org/schema/util/spring-util.xsd=org/springframework/beans/factory/xml/spring-util-4.3.xsd, http://www.springframework.org/schema/aop/spring-aop-3.0.xsd=org/springframework/aop/config/spring-aop-3.0.xsd, http://www.springframework.org/schema/mvc/spring-mvc-3.0.xsd=org/springframework/web/servlet/config/spring-mvc-3.0.xsd, http://www.springframework.org/schema/beans/spring-beans-4.0.xsd=org/springframework/beans/factory/xml/spring-beans-4.0.xsd, http://www.springframework.org/schema/oxm/spring-oxm-4.2.xsd=org/springframework/oxm/config/spring-oxm-4.2.xsd, http://www.springframework.org/schema/beans/spring-beans.xsd=org/springframework/beans/factory/xml/spring-beans-4.3.xsd, http://mybatis.org/schema/mybatis-spring.xsd=org/mybatis/spring/config/mybatis-spring-1.2.xsd, http://www.springframework.org/schema/tx/spring-tx-3.1.xsd=org/springframework/transaction/config/spring-tx-3.1.xsd, http://www.springframework.org/schema/lang/spring-lang-3.0.xsd=org/springframework/scripting/config/spring-lang-3.0.xsd, http://www.springframework.org/schema/context/spring-context-2.5.xsd=org/springframework/context/config/spring-context-2.5.xsd, http://www.springframework.org/schema/context/spring-context-4.3.xsd=org/springframework/context/config/spring-context-4.3.xsd, http://www.springframework.org/schema/task/spring-task-4.0.xsd=org/springframework/scheduling/config/spring-task-4.0.xsd, http://www.springframework.org/schema/tool/spring-tool-3.0.xsd=org/springframework/beans/factory/xml/spring-tool-3.0.xsd, http://www.springframework.org/schema/tx/spring-tx-4.0.xsd=org/springframework/transaction/config/spring-tx-4.0.xsd, http://www.springframework.org/schema/aop/spring-aop-2.0.xsd=org/springframework/aop/config/spring-aop-2.0.xsd, http://www.springframework.org/schema/jee/spring-jee-3.0.xsd=org/springframework/ejb/config/spring-jee-3.0.xsd, http://www.springframework.org/schema/util/spring-util-4.1.xsd=org/springframework/beans/factory/xml/spring-util-4.1.xsd, http://www.springframework.org/schema/task/spring-task-3.1.xsd=org/springframework/scheduling/config/spring-task-3.1.xsd, http://www.springframework.org/schema/beans/spring-beans-3.0.xsd=org/springframework/beans/factory/xml/spring-beans-3.0.xsd, http://www.springframework.org/schema/jee/spring-jee.xsd=org/springframework/ejb/config/spring-jee-4.3.xsd, http://www.springframework.org/schema/aop/spring-aop-4.3.xsd=org/springframework/aop/config/spring-aop-4.3.xsd, http://www.springframework.org/schema/aop/spring-aop-2.5.xsd=org/springframework/aop/config/spring-aop-2.5.xsd, http://www.springframework.org/schema/lang/spring-lang-2.0.xsd=org/springframework/scripting/config/spring-lang-2.0.xsd, http://www.springframework.org/schema/jdbc/spring-jdbc-4.3.xsd=org/springframework/jdbc/config/spring-jdbc-4.3.xsd, http://www.springframework.org/schema/oxm/spring-oxm.xsd=org/springframework/oxm/config/spring-oxm-4.3.xsd, http://www.springframework.org/schema/mvc/spring-mvc-4.3.xsd=org/springframework/web/servlet/config/spring-mvc-4.3.xsd, http://www.springframework.org/schema/util/spring-util-3.2.xsd=org/springframework/beans/factory/xml/spring-util-3.2.xsd, http://www.springframework.org/schema/oxm/spring-oxm-4.1.xsd=org/springframework/oxm/config/spring-oxm-4.1.xsd, http://www.springframework.org/schema/task/spring-task.xsd=org/springframework/scheduling/config/spring-task-4.3.xsd, http://www.springframework.org/schema/tool/spring-tool-2.0.xsd=org/springframework/beans/factory/xml/spring-tool-2.0.xsd, http://www.springframework.org/schema/tx/spring-tx-3.0.xsd=org/springframework/transaction/config/spring-tx-3.0.xsd, http://www.springframework.org/schema/lang/spring-lang-2.5.xsd=org/springframework/scripting/config/spring-lang-2.5.xsd, http://www.springframework.org/schema/lang/spring-lang-4.3.xsd=org/springframework/scripting/config/spring-lang-4.3.xsd, http://www.springframework.org/schema/context/spring-context-4.2.xsd=org/springframework/context/config/spring-context-4.2.xsd, http://www.springframework.org/schema/jee/spring-jee-2.0.xsd=org/springframework/ejb/config/spring-jee-2.0.xsd, http://www.springframework.org/schema/oxm/spring-oxm-3.2.xsd=org/springframework/oxm/config/spring-oxm-3.2.xsd, http://www.springframework.org/schema/tool/spring-tool-4.3.xsd=org/springframework/beans/factory/xml/spring-tool-4.3.xsd, http://www.springframework.org/schema/tool/spring-tool-2.5.xsd=org/springframework/beans/factory/xml/spring-tool-2.5.xsd, http://www.springframework.org/schema/jee/spring-jee-4.3.xsd=org/springframework/ejb/config/spring-jee-4.3.xsd, http://www.springframework.org/schema/jee/spring-jee-2.5.xsd=org/springframework/ejb/config/spring-jee-2.5.xsd, http://www.springframework.org/schema/util/spring-util-4.0.xsd=org/springframework/beans/factory/xml/spring-util-4.0.xsd, http://www.springframework.org/schema/task/spring-task-3.0.xsd=org/springframework/scheduling/config/spring-task-3.0.xsd, http://www.springframework.org/schema/cache/spring-cache-4.3.xsd=org/springframework/cache/config/spring-cache-4.3.xsd, http://www.springframework.org/schema/aop/spring-aop-4.2.xsd=org/springframework/aop/config/spring-aop-4.2.xsd, http://www.springframework.org/schema/lang/spring-lang.xsd=org/springframework/scripting/config/spring-lang-4.3.xsd, http://www.springframework.org/schema/context/spring-context-3.2.xsd=org/springframework/context/config/spring-context-3.2.xsd, http://www.springframework.org/schema/jdbc/spring-jdbc-4.2.xsd=org/springframework/jdbc/config/spring-jdbc-4.2.xsd, http://www.springframework.org/schema/mvc/spring-mvc-4.2.xsd=org/springframework/web/servlet/config/spring-mvc-4.2.xsd, http://www.springframework.org/schema/util/spring-util-3.1.xsd=org/springframework/beans/factory/xml/spring-util-3.1.xsd, http://www.springframework.org/schema/beans/spring-beans-2.0.xsd=org/springframework/beans/factory/xml/spring-beans-2.0.xsd, http://www.springframework.org/schema/oxm/spring-oxm-4.0.xsd=org/springframework/oxm/config/spring-oxm-4.0.xsd, http://www.springframework.org/schema/cache/spring-cache.xsd=org/springframework/cache/config/spring-cache-4.3.xsd, http://www.springframework.org/schema/tx/spring-tx.xsd=org/springframework/transaction/config/spring-tx-4.3.xsd, http://www.springframework.org/schema/lang/spring-lang-4.2.xsd=org/springframework/scripting/config/spring-lang-4.2.xsd, http://www.springframework.org/schema/context/spring-context-4.1.xsd=org/springframework/context/config/spring-context-4.1.xsd, http://www.springframework.org/schema/beans/spring-beans-2.5.xsd=org/springframework/beans/factory/xml/spring-beans-2.5.xsd, http://www.springframework.org/schema/beans/spring-beans-4.3.xsd=org/springframework/beans/factory/xml/spring-beans-4.3.xsd, http://www.springframework.org/schema/oxm/spring-oxm-3.1.xsd=org/springframework/oxm/config/spring-oxm-3.1.xsd, http://www.springframework.org/schema/tool/spring-tool-4.2.xsd=org/springframework/beans/factory/xml/spring-tool-4.2.xsd, http://www.springframework.org/schema/tx/spring-tx-2.0.xsd=org/springframework/transaction/config/spring-tx-2.0.xsd, http://www.springframework.org/schema/jee/spring-jee-4.2.xsd=org/springframework/ejb/config/spring-jee-4.2.xsd, http://www.springframework.org/schema/jdbc/spring-jdbc-3.2.xsd=org/springframework/jdbc/config/spring-jdbc-3.2.xsd, http://www.springframework.org/schema/aop/spring-aop.xsd=org/springframework/aop/config/spring-aop-4.3.xsd, http://www.springframework.org/schema/task/spring-task-4.3.xsd=org/springframework/scheduling/config/spring-task-4.3.xsd}
09:29:01,875 DEBUG PluggableSchemaResolver:119 - Found XML schema [http://www.springframework.org/schema/beans/spring-beans.xsd] in classpath: org/springframework/beans/factory/xml/spring-beans-4.3.xsd
09:29:01,915 DEBUG PluggableSchemaResolver:119 - Found XML schema [http://www.springframework.org/schema/context/spring-context.xsd] in classpath: org/springframework/context/config/spring-context-4.3.xsd
09:29:01,921 DEBUG PluggableSchemaResolver:119 - Found XML schema [http://www.springframework.org/schema/tool/spring-tool-4.3.xsd] in classpath: org/springframework/beans/factory/xml/spring-tool-4.3.xsd
09:29:01,928 DEBUG PluggableSchemaResolver:119 - Found XML schema [http://www.springframework.org/schema/tx/spring-tx.xsd] in classpath: org/springframework/transaction/config/spring-tx-4.3.xsd
09:29:01,933 DEBUG PluggableSchemaResolver:119 - Found XML schema [http://www.springframework.org/schema/aop/spring-aop.xsd] in classpath: org/springframework/aop/config/spring-aop-4.3.xsd
09:29:01,941 DEBUG DefaultBeanDefinitionDocumentReader:92 - Loading bean definitions
09:29:01,951 DEBUG DefaultNamespaceHandlerResolver:157 - Loaded NamespaceHandler mappings: {http://www.springframework.org/schema/p=org.springframework.beans.factory.xml.SimplePropertyNamespaceHandler, http://www.springframework.org/schema/mvc=org.springframework.web.servlet.config.MvcNamespaceHandler, http://www.springframework.org/schema/util=org.springframework.beans.factory.xml.UtilNamespaceHandler, http://www.springframework.org/schema/jee=org.springframework.ejb.config.JeeNamespaceHandler, http://www.springframework.org/schema/aop=org.springframework.aop.config.AopNamespaceHandler, http://www.springframework.org/schema/jdbc=org.springframework.jdbc.config.JdbcNamespaceHandler, http://www.springframework.org/schema/oxm=org.springframework.oxm.config.OxmNamespaceHandler, http://www.springframework.org/schema/cache=org.springframework.cache.config.CacheNamespaceHandler, http://mybatis.org/schema/mybatis-spring=org.mybatis.spring.config.NamespaceHandler, http://www.springframework.org/schema/c=org.springframework.beans.factory.xml.SimpleConstructorNamespaceHandler, http://www.springframework.org/schema/tx=org.springframework.transaction.config.TxNamespaceHandler, http://www.springframework.org/schema/task=org.springframework.scheduling.config.TaskNamespaceHandler, http://www.springframework.org/schema/lang=org.springframework.scripting.config.LangNamespaceHandler, http://www.springframework.org/schema/context=org.springframework.context.config.ContextNamespaceHandler}
09:29:01,965 DEBUG PathMatchingResourcePatternResolver:318 - Resolved classpath location [com/company/] to resources [URL [file:/D:/IdeaProjects/fullstack1802/ssmdemo/target/test-classes/com/company/], URL [file:/D:/IdeaProjects/fullstack1802/ssmdemo/target/classes/com/company/]]
09:29:01,967 DEBUG PathMatchingResourcePatternResolver:741 - Looking for matching resources in directory tree [D:\IdeaProjects\fullstack1802\ssmdemo\target\test-classes\com\company]
09:29:01,967 DEBUG PathMatchingResourcePatternResolver:803 - Searching directory [D:\IdeaProjects\fullstack1802\ssmdemo\target\test-classes\com\company] for files matching pattern [D:/IdeaProjects/fullstack1802/ssmdemo/target/test-classes/com/company/**/*.class]
09:29:01,969 DEBUG PathMatchingResourcePatternResolver:803 - Searching directory [D:\IdeaProjects\fullstack1802\ssmdemo\target\test-classes\com\company\service] for files matching pattern [D:/IdeaProjects/fullstack1802/ssmdemo/target/test-classes/com/company/**/*.class]
09:29:01,969 DEBUG PathMatchingResourcePatternResolver:803 - Searching directory [D:\IdeaProjects\fullstack1802\ssmdemo\target\test-classes\com\company\service\impl] for files matching pattern [D:/IdeaProjects/fullstack1802/ssmdemo/target/test-classes/com/company/**/*.class]
09:29:01,971 DEBUG PathMatchingResourcePatternResolver:741 - Looking for matching resources in directory tree [D:\IdeaProjects\fullstack1802\ssmdemo\target\classes\com\company]
09:29:01,971 DEBUG PathMatchingResourcePatternResolver:803 - Searching directory [D:\IdeaProjects\fullstack1802\ssmdemo\target\classes\com\company] for files matching pattern [D:/IdeaProjects/fullstack1802/ssmdemo/target/classes/com/company/**/*.class]
09:29:01,972 DEBUG PathMatchingResourcePatternResolver:803 - Searching directory [D:\IdeaProjects\fullstack1802\ssmdemo\target\classes\com\company\action] for files matching pattern [D:/IdeaProjects/fullstack1802/ssmdemo/target/classes/com/company/**/*.class]
09:29:01,973 DEBUG PathMatchingResourcePatternResolver:803 - Searching directory [D:\IdeaProjects\fullstack1802\ssmdemo\target\classes\com\company\action\commons] for files matching pattern [D:/IdeaProjects/fullstack1802/ssmdemo/target/classes/com/company/**/*.class]
09:29:01,973 DEBUG PathMatchingResourcePatternResolver:803 - Searching directory [D:\IdeaProjects\fullstack1802\ssmdemo\target\classes\com\company\action\commons\encoding] for files matching pattern [D:/IdeaProjects/fullstack1802/ssmdemo/target/classes/com/company/**/*.class]
09:29:01,975 DEBUG PathMatchingResourcePatternResolver:803 - Searching directory [D:\IdeaProjects\fullstack1802\ssmdemo\target\classes\com\company\dao] for files matching pattern [D:/IdeaProjects/fullstack1802/ssmdemo/target/classes/com/company/**/*.class]
09:29:01,975 DEBUG PathMatchingResourcePatternResolver:803 - Searching directory [D:\IdeaProjects\fullstack1802\ssmdemo\target\classes\com\company\dao\pojo] for files matching pattern [D:/IdeaProjects/fullstack1802/ssmdemo/target/classes/com/company/**/*.class]
09:29:01,977 DEBUG PathMatchingResourcePatternResolver:803 - Searching directory [D:\IdeaProjects\fullstack1802\ssmdemo\target\classes\com\company\service] for files matching pattern [D:/IdeaProjects/fullstack1802/ssmdemo/target/classes/com/company/**/*.class]
09:29:01,977 DEBUG PathMatchingResourcePatternResolver:803 - Searching directory [D:\IdeaProjects\fullstack1802\ssmdemo\target\classes\com\company\service\bo] for files matching pattern [D:/IdeaProjects/fullstack1802/ssmdemo/target/classes/com/company/**/*.class]
09:29:01,977 DEBUG PathMatchingResourcePatternResolver:803 - Searching directory [D:\IdeaProjects\fullstack1802\ssmdemo\target\classes\com\company\service\dto] for files matching pattern [D:/IdeaProjects/fullstack1802/ssmdemo/target/classes/com/company/**/*.class]
09:29:01,978 DEBUG PathMatchingResourcePatternResolver:803 - Searching directory [D:\IdeaProjects\fullstack1802\ssmdemo\target\classes\com\company\service\impl] for files matching pattern [D:/IdeaProjects/fullstack1802/ssmdemo/target/classes/com/company/**/*.class]
09:29:01,979 DEBUG PathMatchingResourcePatternResolver:803 - Searching directory [D:\IdeaProjects\fullstack1802\ssmdemo\target\classes\com\company\service\iservice] for files matching pattern [D:/IdeaProjects/fullstack1802/ssmdemo/target/classes/com/company/**/*.class]
09:29:01,979 DEBUG PathMatchingResourcePatternResolver:803 - Searching directory [D:\IdeaProjects\fullstack1802\ssmdemo\target\classes\com\company\service\vo] for files matching pattern [D:/IdeaProjects/fullstack1802/ssmdemo/target/classes/com/company/**/*.class]
09:29:01,980 DEBUG PathMatchingResourcePatternResolver:510 - Resolved location pattern [classpath*:com/company/**/*.class] to resources [file [D:\IdeaProjects\fullstack1802\ssmdemo\target\test-classes\com\company\service\impl\DynamicSQLServiceTest.class], file [D:\IdeaProjects\fullstack1802\ssmdemo\target\test-classes\com\company\service\impl\EmpServiceImplTest.class], file [D:\IdeaProjects\fullstack1802\ssmdemo\target\test-classes\com\company\service\impl\UserServiceImplTest.class], file [D:\IdeaProjects\fullstack1802\ssmdemo\target\classes\com\company\action\commons\encoding\UTF8StringHttpMessageConverter.class], file [D:\IdeaProjects\fullstack1802\ssmdemo\target\classes\com\company\action\TestAction.class], file [D:\IdeaProjects\fullstack1802\ssmdemo\target\classes\com\company\action\UserAction.class], file [D:\IdeaProjects\fullstack1802\ssmdemo\target\classes\com\company\dao\DynamicSQLDao.class], file [D:\IdeaProjects\fullstack1802\ssmdemo\target\classes\com\company\dao\EmpDao.class], file [D:\IdeaProjects\fullstack1802\ssmdemo\target\classes\com\company\dao\EmpDimissionDao.class], file [D:\IdeaProjects\fullstack1802\ssmdemo\target\classes\com\company\dao\EmpProbationDao.class], file [D:\IdeaProjects\fullstack1802\ssmdemo\target\classes\com\company\dao\JobDao.class], file [D:\IdeaProjects\fullstack1802\ssmdemo\target\classes\com\company\dao\pojo\Dept.class], file [D:\IdeaProjects\fullstack1802\ssmdemo\target\classes\com\company\dao\pojo\Emp.class], file [D:\IdeaProjects\fullstack1802\ssmdemo\target\classes\com\company\dao\pojo\EmpDimission.class], file [D:\IdeaProjects\fullstack1802\ssmdemo\target\classes\com\company\dao\pojo\EmpProbation.class], file [D:\IdeaProjects\fullstack1802\ssmdemo\target\classes\com\company\dao\pojo\Job.class], file [D:\IdeaProjects\fullstack1802\ssmdemo\target\classes\com\company\dao\pojo\Product.class], file [D:\IdeaProjects\fullstack1802\ssmdemo\target\classes\com\company\dao\pojo\User.class], file [D:\IdeaProjects\fullstack1802\ssmdemo\target\classes\com\company\dao\ProductDao.class], file [D:\IdeaProjects\fullstack1802\ssmdemo\target\classes\com\company\dao\UserDao.class], file [D:\IdeaProjects\fullstack1802\ssmdemo\target\classes\com\company\service\bo\InfoBO.class], file [D:\IdeaProjects\fullstack1802\ssmdemo\target\classes\com\company\service\dto\EmpDeptDTO.class], file [D:\IdeaProjects\fullstack1802\ssmdemo\target\classes\com\company\service\impl\DynamicSQLService.class], file [D:\IdeaProjects\fullstack1802\ssmdemo\target\classes\com\company\service\impl\EmpServiceImpl.class], file [D:\IdeaProjects\fullstack1802\ssmdemo\target\classes\com\company\service\impl\UserServiceImpl.class], file [D:\IdeaProjects\fullstack1802\ssmdemo\target\classes\com\company\service\iservice\EmpService.class], file [D:\IdeaProjects\fullstack1802\ssmdemo\target\classes\com\company\service\iservice\UserService.class], file [D:\IdeaProjects\fullstack1802\ssmdemo\target\classes\com\company\service\vo\HiredateVO.class], file [D:\IdeaProjects\fullstack1802\ssmdemo\target\classes\com\company\service\vo\PageVO.class]]
09:29:02,012 DEBUG ClassPathBeanDefinitionScanner:294 - Identified candidate component class: file [D:\IdeaProjects\fullstack1802\ssmdemo\target\classes\com\company\action\TestAction.class]
09:29:02,016 DEBUG ClassPathBeanDefinitionScanner:294 - Identified candidate component class: file [D:\IdeaProjects\fullstack1802\ssmdemo\target\classes\com\company\action\UserAction.class]
09:29:02,025 DEBUG ClassPathBeanDefinitionScanner:294 - Identified candidate component class: file [D:\IdeaProjects\fullstack1802\ssmdemo\target\classes\com\company\service\impl\DynamicSQLService.class]
09:29:02,026 DEBUG ClassPathBeanDefinitionScanner:294 - Identified candidate component class: file [D:\IdeaProjects\fullstack1802\ssmdemo\target\classes\com\company\service\impl\EmpServiceImpl.class]
09:29:02,027 DEBUG ClassPathBeanDefinitionScanner:294 - Identified candidate component class: file [D:\IdeaProjects\fullstack1802\ssmdemo\target\classes\com\company\service\impl\UserServiceImpl.class]
09:29:02,046  INFO XmlBeanDefinitionReader:317 - Loading XML bean definitions from class path resource [mybatis/spring-dbsource.xml]
09:29:02,049 DEBUG DefaultDocumentLoader:73 - Using JAXP provider [com.sun.org.apache.xerces.internal.jaxp.DocumentBuilderFactoryImpl]
09:29:02,051 DEBUG PluggableSchemaResolver:119 - Found XML schema [http://www.springframework.org/schema/beans/spring-beans.xsd] in classpath: org/springframework/beans/factory/xml/spring-beans-4.3.xsd
09:29:02,067 DEBUG DefaultBeanDefinitionDocumentReader:92 - Loading bean definitions
09:29:02,072 DEBUG BeanDefinitionParserDelegate:480 - Neither XML &apos;id&apos; nor &apos;name&apos; specified - using generated bean name [org.mybatis.spring.mapper.MapperScannerConfigurer#0]
09:29:02,074 DEBUG XmlBeanDefinitionReader:224 - Loaded 4 bean definitions from location pattern [classpath:mybatis/spring-dbsource.xml]
09:29:02,074 DEBUG DefaultBeanDefinitionDocumentReader:229 - Imported 4 bean definitions from URL location [classpath:mybatis/spring-dbsource.xml]
09:29:02,075 DEBUG BeanDefinitionParserDelegate:450 - No XML &apos;id&apos; specified - using &apos;transactionManager&apos; as bean name and [] as aliases
09:29:02,092 DEBUG XmlBeanDefinitionReader:224 - Loaded 20 bean definitions from location pattern [classpath:applicationContext.xml]
09:29:02,095  INFO GenericApplicationContext:583 - Refreshing org.springframework.context.support.GenericApplicationContext@68bbe345: startup date [Tue Mar 05 09:29:02 CST 2019]; root of context hierarchy
09:29:02,095 DEBUG GenericApplicationContext:617 - Bean factory for org.springframework.context.support.GenericApplicationContext@68bbe345: org.springframework.beans.factory.support.DefaultListableBeanFactory@23986957: defining beans [testAction,userAction,dynamicSQLService,empService,userService,org.springframework.context.annotation.internalConfigurationAnnotationProcessor,org.springframework.context.annotation.internalAutowiredAnnotationProcessor,org.springframework.context.annotation.internalRequiredAnnotationProcessor,org.springframework.context.annotation.internalCommonAnnotationProcessor,org.springframework.context.event.internalEventListenerProcessor,org.springframework.context.event.internalEventListenerFactory,propertyConfigurer,dataSource,org.mybatis.spring.mapper.MapperScannerConfigurer#0,sqlSessionFactory,transactionManager,txAdvice,org.springframework.aop.config.internalAutoProxyCreator,txPc,org.springframework.aop.support.DefaultBeanFactoryPointcutAdvisor#0]; root of factory hierarchy
09:29:02,118 DEBUG DefaultListableBeanFactory:221 - Creating shared instance of singleton bean &apos;org.springframework.context.annotation.internalConfigurationAnnotationProcessor&apos;
09:29:02,119 DEBUG DefaultListableBeanFactory:449 - Creating instance of bean &apos;org.springframework.context.annotation.internalConfigurationAnnotationProcessor&apos;
09:29:02,131 DEBUG DefaultListableBeanFactory:539 - Eagerly caching bean &apos;org.springframework.context.annotation.internalConfigurationAnnotationProcessor&apos; to allow for resolving potential circular references
09:29:02,132 DEBUG DefaultListableBeanFactory:485 - Finished creating instance of bean &apos;org.springframework.context.annotation.internalConfigurationAnnotationProcessor&apos;
09:29:02,178 DEBUG DefaultListableBeanFactory:221 - Creating shared instance of singleton bean &apos;org.mybatis.spring.mapper.MapperScannerConfigurer#0&apos;
09:29:02,178 DEBUG DefaultListableBeanFactory:449 - Creating instance of bean &apos;org.mybatis.spring.mapper.MapperScannerConfigurer#0&apos;
09:29:02,179 DEBUG DefaultListableBeanFactory:539 - Eagerly caching bean &apos;org.mybatis.spring.mapper.MapperScannerConfigurer#0&apos; to allow for resolving potential circular references
09:29:02,215 DEBUG DefaultListableBeanFactory:1675 - Invoking afterPropertiesSet() on bean with name &apos;org.mybatis.spring.mapper.MapperScannerConfigurer#0&apos;
09:29:02,216 DEBUG DefaultListableBeanFactory:485 - Finished creating instance of bean &apos;org.mybatis.spring.mapper.MapperScannerConfigurer#0&apos;
09:29:02,217 DEBUG StandardEnvironment:106 - Adding PropertySource &apos;systemProperties&apos; with lowest search precedence
09:29:02,217 DEBUG StandardEnvironment:106 - Adding PropertySource &apos;systemEnvironment&apos; with lowest search precedence
09:29:02,223 DEBUG StandardEnvironment:124 - Initialized StandardEnvironment with PropertySources [MapPropertySource@168907708 {name=&apos;systemProperties&apos;, properties={idea.version=2018.2.7, java.runtime.name=Java(TM) SE Runtime Environment, sun.boot.library.path=C:\Program Files\Java\jdk1.8.0_131\jre\bin, java.vm.version=25.131-b11, java.vm.vendor=Oracle Corporation, java.vendor.url=http://java.oracle.com/, path.separator=;, java.vm.name=Java HotSpot(TM) 64-Bit Server VM, file.encoding.pkg=sun.io, user.country=CN, user.script=, sun.java.launcher=SUN_STANDARD, sun.os.patch.level=, java.vm.specification.name=Java Virtual Machine Specification, user.dir=D:\IdeaProjects\fullstack1802\ssmdemo, java.runtime.version=1.8.0_131-b11, basedir=D:\IdeaProjects\fullstack1802\ssmdemo, java.awt.graphicsenv=sun.awt.Win32GraphicsEnvironment, java.endorsed.dirs=C:\Program Files\Java\jdk1.8.0_131\jre\lib\endorsed, os.arch=amd64, surefire.real.class.path=D:\IdeaProjects\fullstack1802\ssmdemo\target\surefire\surefirebooter6061869623725118096.jar, java.io.tmpdir=C:\Users\afang\AppData\Local\Temp\, line.separator=
, java.vm.specification.vendor=Oracle Corporation, user.variant=, os.name=Windows 10, sun.jnu.encoding=GBK, java.library.path=C:\Program Files\Java\jdk1.8.0_131\jre\bin;C:\Windows\Sun\Java\bin;C:\Windows\system32;C:\Windows;C:\Program Files\Java\jdk1.8.0_131\bin;C:\Program Files\Java\jdk1.8.0_131\jre\bin;%M2_HOME%\bin;C:\Program Files\Git\cmd;C:\Users\afang\AppData\Local\Microsoft\WindowsApps;C:\Users\afang\AppData\Roaming\npm;C:\Program Files\MongoDB\Server\4.0\bin;D:\develop\maven-3.5.4\bin;., surefire.test.class.path=D:\IdeaProjects\fullstack1802\ssmdemo\target\test-classes;D:\IdeaProjects\fullstack1802\ssmdemo\target\classes;D:\develop\maven-3.5.4\repository\com\fasterxml\jackson\core\jackson-databind\2.9.7\jackson-databind-2.9.7.jar;D:\develop\maven-3.5.4\repository\com\fasterxml\jackson\core\jackson-annotations\2.9.0\jackson-annotations-2.9.0.jar;D:\develop\maven-3.5.4\repository\com\fasterxml\jackson\core\jackson-core\2.9.7\jackson-core-2.9.7.jar;D:\develop\maven-3.5.4\repository\javax\servlet\javax.servlet-api\3.1.0\javax.servlet-api-3.1.0.jar;D:\develop\maven-3.5.4\repository\javax\servlet\jstl\1.2\jstl-1.2.jar;D:\develop\maven-3.5.4\repository\commons-io\commons-io\2.6\commons-io-2.6.jar;D:\develop\maven-3.5.4\repository\commons-fileupload\commons-fileupload\1.3.3\commons-fileupload-1.3.3.jar;D:\develop\maven-3.5.4\repository\org\springframework\spring-context\4.3.18.RELEASE\spring-context-4.3.18.RELEASE.jar;D:\develop\maven-3.5.4\repository\org\springframework\spring-beans\4.3.18.RELEASE\spring-beans-4.3.18.RELEASE.jar;D:\develop\maven-3.5.4\repository\org\springframework\spring-expression\4.3.18.RELEASE\spring-expression-4.3.18.RELEASE.jar;D:\develop\maven-3.5.4\repository\org\springframework\spring-oxm\4.3.18.RELEASE\spring-oxm-4.3.18.RELEASE.jar;D:\develop\maven-3.5.4\repository\org\springframework\spring-webmvc\4.3.18.RELEASE\spring-webmvc-4.3.18.RELEASE.jar;D:\develop\maven-3.5.4\repository\org\springframework\spring-web\4.3.18.RELEASE\spring-web-4.3.18.RELEASE.jar;D:\develop\maven-3.5.4\repository\org\springframework\spring-test\4.3.18.RELEASE\spring-test-4.3.18.RELEASE.jar;D:\develop\maven-3.5.4\repository\org\springframework\spring-jdbc\4.3.18.RELEASE\spring-jdbc-4.3.18.RELEASE.jar;D:\develop\maven-3.5.4\repository\org\springframework\spring-orm\4.3.18.RELEASE\spring-orm-4.3.18.RELEASE.jar;D:\develop\maven-3.5.4\repository\org\springframework\spring-core\4.3.18.RELEASE\spring-core-4.3.18.RELEASE.jar;D:\develop\maven-3.5.4\repository\commons-logging\commons-logging\1.2\commons-logging-1.2.jar;D:\develop\maven-3.5.4\repository\org\springframework\spring-context-support\4.3.18.RELEASE\spring-context-support-4.3.18.RELEASE.jar;D:\develop\maven-3.5.4\repository\org\springframework\spring-aop\4.3.18.RELEASE\spring-aop-4.3.18.RELEASE.jar;D:\develop\maven-3.5.4\repository\org\springframework\spring-aspects\4.3.18.RELEASE\spring-aspects-4.3.18.RELEASE.jar;D:\develop\maven-3.5.4\repository\org\aspectj\aspectjweaver\1.8.9\aspectjweaver-1.8.9.jar;D:\develop\maven-3.5.4\repository\org\springframework\spring-tx\4.3.18.RELEASE\spring-tx-4.3.18.RELEASE.jar;D:\develop\maven-3.5.4\repository\junit\junit\4.12\junit-4.12.jar;D:\develop\maven-3.5.4\repository\org\hamcrest\hamcrest-core\1.3\hamcrest-core-1.3.jar;D:\develop\maven-3.5.4\repository\org\mybatis\mybatis\3.2.1\mybatis-3.2.1.jar;D:\develop\maven-3.5.4\repository\org\mybatis\mybatis-spring\1.2.0\mybatis-spring-1.2.0.jar;D:\develop\maven-3.5.4\repository\mysql\mysql-connector-java\5.1.29\mysql-connector-java-5.1.29.jar;D:\develop\maven-3.5.4\repository\org\slf4j\slf4j-log4j12\1.7.25\slf4j-log4j12-1.7.25.jar;D:\develop\maven-3.5.4\repository\org\slf4j\slf4j-api\1.7.25\slf4j-api-1.7.25.jar;D:\develop\maven-3.5.4\repository\log4j\log4j\1.2.17\log4j-1.2.17.jar;D:\develop\maven-3.5.4\repository\com\github\pagehelper\pagehelper\5.1.2\pagehelper-5.1.2.jar;D:\develop\maven-3.5.4\repository\com\github\jsqlparser\jsqlparser\1.0\jsqlparser-1.0.jar;, java.specification.name=Java Platform API Specification, java.class.version=52.0, sun.management.compiler=HotSpot 64-Bit Tiered Compilers, os.version=10.0, user.home=C:\Users\afang, user.timezone=Asia/Shanghai, java.awt.printerjob=sun.awt.windows.WPrinterJob, file.encoding=GBK, java.specification.version=1.8, java.class.path=D:\IdeaProjects\fullstack1802\ssmdemo\target\test-classes;D:\IdeaProjects\fullstack1802\ssmdemo\target\classes;D:\develop\maven-3.5.4\repository\com\fasterxml\jackson\core\jackson-databind\2.9.7\jackson-databind-2.9.7.jar;D:\develop\maven-3.5.4\repository\com\fasterxml\jackson\core\jackson-annotations\2.9.0\jackson-annotations-2.9.0.jar;D:\develop\maven-3.5.4\repository\com\fasterxml\jackson\core\jackson-core\2.9.7\jackson-core-2.9.7.jar;D:\develop\maven-3.5.4\repository\javax\servlet\javax.servlet-api\3.1.0\javax.servlet-api-3.1.0.jar;D:\develop\maven-3.5.4\repository\javax\servlet\jstl\1.2\jstl-1.2.jar;D:\develop\maven-3.5.4\repository\commons-io\commons-io\2.6\commons-io-2.6.jar;D:\develop\maven-3.5.4\repository\commons-fileupload\commons-fileupload\1.3.3\commons-fileupload-1.3.3.jar;D:\develop\maven-3.5.4\repository\org\springframework\spring-context\4.3.18.RELEASE\spring-context-4.3.18.RELEASE.jar;D:\develop\maven-3.5.4\repository\org\springframework\spring-beans\4.3.18.RELEASE\spring-beans-4.3.18.RELEASE.jar;D:\develop\maven-3.5.4\repository\org\springframework\spring-expression\4.3.18.RELEASE\spring-expression-4.3.18.RELEASE.jar;D:\develop\maven-3.5.4\repository\org\springframework\spring-oxm\4.3.18.RELEASE\spring-oxm-4.3.18.RELEASE.jar;D:\develop\maven-3.5.4\repository\org\springframework\spring-webmvc\4.3.18.RELEASE\spring-webmvc-4.3.18.RELEASE.jar;D:\develop\maven-3.5.4\repository\org\springframework\spring-web\4.3.18.RELEASE\spring-web-4.3.18.RELEASE.jar;D:\develop\maven-3.5.4\repository\org\springframework\spring-test\4.3.18.RELEASE\spring-test-4.3.18.RELEASE.jar;D:\develop\maven-3.5.4\repository\org\springframework\spring-jdbc\4.3.18.RELEASE\spring-jdbc-4.3.18.RELEASE.jar;D:\develop\maven-3.5.4\repository\org\springframework\spring-orm\4.3.18.RELEASE\spring-orm-4.3.18.RELEASE.jar;D:\develop\maven-3.5.4\repository\org\springframework\spring-core\4.3.18.RELEASE\spring-core-4.3.18.RELEASE.jar;D:\develop\maven-3.5.4\repository\commons-logging\commons-logging\1.2\commons-logging-1.2.jar;D:\develop\maven-3.5.4\repository\org\springframework\spring-context-support\4.3.18.RELEASE\spring-context-support-4.3.18.RELEASE.jar;D:\develop\maven-3.5.4\repository\org\springframework\spring-aop\4.3.18.RELEASE\spring-aop-4.3.18.RELEASE.jar;D:\develop\maven-3.5.4\repository\org\springframework\spring-aspects\4.3.18.RELEASE\spring-aspects-4.3.18.RELEASE.jar;D:\develop\maven-3.5.4\repository\org\aspectj\aspectjweaver\1.8.9\aspectjweaver-1.8.9.jar;D:\develop\maven-3.5.4\repository\org\springframework\spring-tx\4.3.18.RELEASE\spring-tx-4.3.18.RELEASE.jar;D:\develop\maven-3.5.4\repository\junit\junit\4.12\junit-4.12.jar;D:\develop\maven-3.5.4\repository\org\hamcrest\hamcrest-core\1.3\hamcrest-core-1.3.jar;D:\develop\maven-3.5.4\repository\org\mybatis\mybatis\3.2.1\mybatis-3.2.1.jar;D:\develop\maven-3.5.4\repository\org\mybatis\mybatis-spring\1.2.0\mybatis-spring-1.2.0.jar;D:\develop\maven-3.5.4\repository\mysql\mysql-connector-java\5.1.29\mysql-connector-java-5.1.29.jar;D:\develop\maven-3.5.4\repository\org\slf4j\slf4j-log4j12\1.7.25\slf4j-log4j12-1.7.25.jar;D:\develop\maven-3.5.4\repository\org\slf4j\slf4j-api\1.7.25\slf4j-api-1.7.25.jar;D:\develop\maven-3.5.4\repository\log4j\log4j\1.2.17\log4j-1.2.17.jar;D:\develop\maven-3.5.4\repository\com\github\pagehelper\pagehelper\5.1.2\pagehelper-5.1.2.jar;D:\develop\maven-3.5.4\repository\com\github\jsqlparser\jsqlparser\1.0\jsqlparser-1.0.jar;, user.name=afang, java.vm.specification.version=1.8, sun.java.command=D:\IdeaProjects\fullstack1802\ssmdemo\target\surefire\surefirebooter6061869623725118096.jar D:\IdeaProjects\fullstack1802\ssmdemo\target\surefire\surefire1417957670262288684tmp D:\IdeaProjects\fullstack1802\ssmdemo\target\surefire\surefire_064684022231899413tmp, java.home=C:\Program Files\Java\jdk1.8.0_131\jre, sun.arch.data.model=64, user.language=zh, java.specification.vendor=Oracle Corporation, awt.toolkit=sun.awt.windows.WToolkit, java.vm.info=mixed mode, java.version=1.8.0_131, java.ext.dirs=C:\Program Files\Java\jdk1.8.0_131\jre\lib\ext;C:\Windows\Sun\Java\lib\ext, sun.boot.class.path=C:\Program Files\Java\jdk1.8.0_131\jre\lib\resources.jar;C:\Program Files\Java\jdk1.8.0_131\jre\lib\rt.jar;C:\Program Files\Java\jdk1.8.0_131\jre\lib\sunrsasign.jar;C:\Program Files\Java\jdk1.8.0_131\jre\lib\jsse.jar;C:\Program Files\Java\jdk1.8.0_131\jre\lib\jce.jar;C:\Program Files\Java\jdk1.8.0_131\jre\lib\charsets.jar;C:\Program Files\Java\jdk1.8.0_131\jre\lib\jfr.jar;C:\Program Files\Java\jdk1.8.0_131\jre\classes, java.vendor=Oracle Corporation, localRepository=D:\develop\maven-3.5.4\repository, file.separator=\, java.vendor.url.bug=http://bugreport.sun.com/bugreport/, sun.io.unicode.encoding=UnicodeLittle, sun.cpu.endian=little, sun.desktop=windows, sun.cpu.isalist=amd64}}, SystemEnvironmentPropertySource@447718425 {name=&apos;systemEnvironment&apos;, properties={PATH=C:\Program Files\Java\jdk1.8.0_131\bin;C:\Program Files\Java\jdk1.8.0_131\jre\bin;%M2_HOME%\bin;C:\Program Files\Git\cmd;C:\Users\afang\AppData\Local\Microsoft\WindowsApps;C:\Users\afang\AppData\Roaming\npm;C:\Program Files\MongoDB\Server\4.0\bin;D:\develop\maven-3.5.4\bin, USERDOMAIN_ROAMINGPROFILE=DESKTOP-RIGRVBO, LOCALAPPDATA=C:\Users\afang\AppData\Local, PROCESSOR_LEVEL=6, SYSTEMDRIVE=C:, COMMONPROGRAMFILES(X86)=C:\Program Files (x86)\Common Files, USERDOMAIN=DESKTOP-RIGRVBO, LOGONSERVER=\\DESKTOP-RIGRVBO, JAVA_HOME=C:\Program Files\Java\jdk1.8.0_131, PROMPT=$P$G, SESSIONNAME=Console, ALLUSERSPROFILE=C:\ProgramData, PROGRAMFILES(X86)=C:\Program Files (x86), PROCESSOR_ARCHITECTURE=AMD64, PROGRAMFILES=C:\Program Files, APPDATA=C:\Users\afang\AppData\Roaming, PSMODULEPATH=C:\Program Files\WindowsPowerShell\Modules;C:\Windows\system32\WindowsPowerShell\v1.0\Modules, PROGRAMW6432=C:\Program Files, PROGRAMDATA=C:\ProgramData, SYSTEMROOT=C:\Windows, USERNAME=afang, ONEDRIVE=C:\Users\afang\OneDrive, PATHEXT=.COM;.EXE;.BAT;.CMD;.VBS;.VBE;.JS;.JSE;.WSF;.WSH;.MSC, OS=Windows_NT, COMMONPROGRAMW6432=C:\Program Files\Common Files, COMPUTERNAME=DESKTOP-RIGRVBO, COMMONPROGRAMFILES=C:\Program Files\Common Files, COMSPEC=C:\Windows\system32\cmd.exe, PROCESSOR_REVISION=3c03, WINDIR=C:\Windows, CLASS_PATH=C:\Program Files\Java\jdk1.8.0_131\lib;C:\Program Files\Java\jdk1.8.0_131\jre\lib;, =D:=D:\IdeaProjects\fullstack1802\ssmdemo, HOMEPATH=\Users\afang, TEMP=C:\Users\afang\AppData\Local\Temp, HOMEDRIVE=C:, PROCESSOR_IDENTIFIER=Intel64 Family 6 Model 60 Stepping 3, GenuineIntel, USERPROFILE=C:\Users\afang, TMP=C:\Users\afang\AppData\Local\Temp, M2_HOME=D:\develop\maven-3.5.4, PUBLIC=C:\Users\Public, NUMBER_OF_PROCESSORS=8}}]
09:29:02,227 DEBUG PathMatchingResourcePatternResolver:318 - Resolved classpath location [com/company/dao/] to resources [URL [file:/D:/IdeaProjects/fullstack1802/ssmdemo/target/classes/com/company/dao/]]
09:29:02,227 DEBUG PathMatchingResourcePatternResolver:741 - Looking for matching resources in directory tree [D:\IdeaProjects\fullstack1802\ssmdemo\target\classes\com\company\dao]
09:29:02,228 DEBUG PathMatchingResourcePatternResolver:803 - Searching directory [D:\IdeaProjects\fullstack1802\ssmdemo\target\classes\com\company\dao] for files matching pattern [D:/IdeaProjects/fullstack1802/ssmdemo/target/classes/com/company/dao/**/*.class]
09:29:02,229 DEBUG PathMatchingResourcePatternResolver:803 - Searching directory [D:\IdeaProjects\fullstack1802\ssmdemo\target\classes\com\company\dao\pojo] for files matching pattern [D:/IdeaProjects/fullstack1802/ssmdemo/target/classes/com/company/dao/**/*.class]
09:29:02,232 DEBUG PathMatchingResourcePatternResolver:510 - Resolved location pattern [classpath*:com/company/dao/**/*.class] to resources [file [D:\IdeaProjects\fullstack1802\ssmdemo\target\classes\com\company\dao\DynamicSQLDao.class], file [D:\IdeaProjects\fullstack1802\ssmdemo\target\classes\com\company\dao\EmpDao.class], file [D:\IdeaProjects\fullstack1802\ssmdemo\target\classes\com\company\dao\EmpDimissionDao.class], file [D:\IdeaProjects\fullstack1802\ssmdemo\target\classes\com\company\dao\EmpProbationDao.class], file [D:\IdeaProjects\fullstack1802\ssmdemo\target\classes\com\company\dao\JobDao.class], file [D:\IdeaProjects\fullstack1802\ssmdemo\target\classes\com\company\dao\pojo\Dept.class], file [D:\IdeaProjects\fullstack1802\ssmdemo\target\classes\com\company\dao\pojo\Emp.class], file [D:\IdeaProjects\fullstack1802\ssmdemo\target\classes\com\company\dao\pojo\EmpDimission.class], file [D:\IdeaProjects\fullstack1802\ssmdemo\target\classes\com\company\dao\pojo\EmpProbation.class], file [D:\IdeaProjects\fullstack1802\ssmdemo\target\classes\com\company\dao\pojo\Job.class], file [D:\IdeaProjects\fullstack1802\ssmdemo\target\classes\com\company\dao\pojo\Product.class], file [D:\IdeaProjects\fullstack1802\ssmdemo\target\classes\com\company\dao\pojo\User.class], file [D:\IdeaProjects\fullstack1802\ssmdemo\target\classes\com\company\dao\ProductDao.class], file [D:\IdeaProjects\fullstack1802\ssmdemo\target\classes\com\company\dao\UserDao.class]]
09:29:02,234 DEBUG ClassPathMapperScanner:294 - Identified candidate component class: file [D:\IdeaProjects\fullstack1802\ssmdemo\target\classes\com\company\dao\DynamicSQLDao.class]
09:29:02,235 DEBUG ClassPathMapperScanner:294 - Identified candidate component class: file [D:\IdeaProjects\fullstack1802\ssmdemo\target\classes\com\company\dao\EmpDao.class]
09:29:02,236 DEBUG ClassPathMapperScanner:294 - Identified candidate component class: file [D:\IdeaProjects\fullstack1802\ssmdemo\target\classes\com\company\dao\EmpDimissionDao.class]
09:29:02,237 DEBUG ClassPathMapperScanner:294 - Identified candidate component class: file [D:\IdeaProjects\fullstack1802\ssmdemo\target\classes\com\company\dao\EmpProbationDao.class]
09:29:02,238 DEBUG ClassPathMapperScanner:294 - Identified candidate component class: file [D:\IdeaProjects\fullstack1802\ssmdemo\target\classes\com\company\dao\JobDao.class]
09:29:02,239 DEBUG ClassPathMapperScanner:300 - Ignored because not a concrete top-level class: file [D:\IdeaProjects\fullstack1802\ssmdemo\target\classes\com\company\dao\pojo\Dept.class]
09:29:02,239 DEBUG ClassPathMapperScanner:300 - Ignored because not a concrete top-level class: file [D:\IdeaProjects\fullstack1802\ssmdemo\target\classes\com\company\dao\pojo\Emp.class]
09:29:02,240 DEBUG ClassPathMapperScanner:300 - Ignored because not a concrete top-level class: file [D:\IdeaProjects\fullstack1802\ssmdemo\target\classes\com\company\dao\pojo\EmpDimission.class]
09:29:02,240 DEBUG ClassPathMapperScanner:300 - Ignored because not a concrete top-level class: file [D:\IdeaProjects\fullstack1802\ssmdemo\target\classes\com\company\dao\pojo\EmpProbation.class]
09:29:02,241 DEBUG ClassPathMapperScanner:300 - Ignored because not a concrete top-level class: file [D:\IdeaProjects\fullstack1802\ssmdemo\target\classes\com\company\dao\pojo\Job.class]
09:29:02,241 DEBUG ClassPathMapperScanner:300 - Ignored because not a concrete top-level class: file [D:\IdeaProjects\fullstack1802\ssmdemo\target\classes\com\company\dao\pojo\Product.class]
09:29:02,242 DEBUG ClassPathMapperScanner:300 - Ignored because not a concrete top-level class: file [D:\IdeaProjects\fullstack1802\ssmdemo\target\classes\com\company\dao\pojo\User.class]
09:29:02,242 DEBUG ClassPathMapperScanner:294 - Identified candidate component class: file [D:\IdeaProjects\fullstack1802\ssmdemo\target\classes\com\company\dao\ProductDao.class]
09:29:02,243 DEBUG ClassPathMapperScanner:294 - Identified candidate component class: file [D:\IdeaProjects\fullstack1802\ssmdemo\target\classes\com\company\dao\UserDao.class]
09:29:02,243 DEBUG ClassPathMapperScanner:161 - Creating MapperFactoryBean with name &apos;dynamicSQLDao&apos; and &apos;com.company.dao.DynamicSQLDao&apos; mapperInterface
09:29:02,245 DEBUG ClassPathMapperScanner:197 - Enabling autowire by type for MapperFactoryBean with name &apos;dynamicSQLDao&apos;.
09:29:02,246 DEBUG ClassPathMapperScanner:161 - Creating MapperFactoryBean with name &apos;empDao&apos; and &apos;com.company.dao.EmpDao&apos; mapperInterface
09:29:02,247 DEBUG ClassPathMapperScanner:197 - Enabling autowire by type for MapperFactoryBean with name &apos;empDao&apos;.
09:29:02,248 DEBUG ClassPathMapperScanner:161 - Creating MapperFactoryBean with name &apos;empDimissionDao&apos; and &apos;com.company.dao.EmpDimissionDao&apos; mapperInterface
09:29:02,249 DEBUG ClassPathMapperScanner:197 - Enabling autowire by type for MapperFactoryBean with name &apos;empDimissionDao&apos;.
09:29:02,250 DEBUG ClassPathMapperScanner:161 - Creating MapperFactoryBean with name &apos;empProbationDao&apos; and &apos;com.company.dao.EmpProbationDao&apos; mapperInterface
09:29:02,250 DEBUG ClassPathMapperScanner:197 - Enabling autowire by type for MapperFactoryBean with name &apos;empProbationDao&apos;.
09:29:02,250 DEBUG ClassPathMapperScanner:161 - Creating MapperFactoryBean with name &apos;jobDao&apos; and &apos;com.company.dao.JobDao&apos; mapperInterface
09:29:02,250 DEBUG ClassPathMapperScanner:197 - Enabling autowire by type for MapperFactoryBean with name &apos;jobDao&apos;.
09:29:02,251 DEBUG ClassPathMapperScanner:161 - Creating MapperFactoryBean with name &apos;productDao&apos; and &apos;com.company.dao.ProductDao&apos; mapperInterface
09:29:02,251 DEBUG ClassPathMapperScanner:197 - Enabling autowire by type for MapperFactoryBean with name &apos;productDao&apos;.
09:29:02,251 DEBUG ClassPathMapperScanner:161 - Creating MapperFactoryBean with name &apos;userDao&apos; and &apos;com.company.dao.UserDao&apos; mapperInterface
09:29:02,251 DEBUG ClassPathMapperScanner:197 - Enabling autowire by type for MapperFactoryBean with name &apos;userDao&apos;.
09:29:02,253 DEBUG DefaultListableBeanFactory:221 - Creating shared instance of singleton bean &apos;propertyConfigurer&apos;
09:29:02,253 DEBUG DefaultListableBeanFactory:449 - Creating instance of bean &apos;propertyConfigurer&apos;
09:29:02,255 DEBUG DefaultListableBeanFactory:539 - Eagerly caching bean &apos;propertyConfigurer&apos; to allow for resolving potential circular references
09:29:02,267 DEBUG PathMatchingResourcePatternResolver:741 - Looking for matching resources in directory tree [D:\IdeaProjects\fullstack1802\ssmdemo\target\classes\properties]
09:29:02,268 DEBUG PathMatchingResourcePatternResolver:803 - Searching directory [D:\IdeaProjects\fullstack1802\ssmdemo\target\classes\properties] for files matching pattern [D:/IdeaProjects/fullstack1802/ssmdemo/target/classes/properties/*.properties]
09:29:02,269 DEBUG PathMatchingResourcePatternResolver:510 - Resolved location pattern [classpath:properties/*.properties] to resources [file [D:\IdeaProjects\fullstack1802\ssmdemo\target\classes\properties\jdbc.properties], file [D:\IdeaProjects\fullstack1802\ssmdemo\target\classes\properties\mybatis_generator_db.properties]]
09:29:02,270 DEBUG DefaultListableBeanFactory:485 - Finished creating instance of bean &apos;propertyConfigurer&apos;
09:29:02,271 DEBUG PropertyPlaceholderConfigurer:174 - Loading properties file from file [D:\IdeaProjects\fullstack1802\ssmdemo\target\classes\properties\jdbc.properties]
09:29:02,272 DEBUG PropertyPlaceholderConfigurer:174 - Loading properties file from file [D:\IdeaProjects\fullstack1802\ssmdemo\target\classes\properties\mybatis_generator_db.properties]
09:29:02,277 DEBUG DefaultListableBeanFactory:221 - Creating shared instance of singleton bean &apos;org.springframework.context.annotation.internalAutowiredAnnotationProcessor&apos;
09:29:02,278 DEBUG DefaultListableBeanFactory:449 - Creating instance of bean &apos;org.springframework.context.annotation.internalAutowiredAnnotationProcessor&apos;
09:29:02,278 DEBUG DefaultListableBeanFactory:539 - Eagerly caching bean &apos;org.springframework.context.annotation.internalAutowiredAnnotationProcessor&apos; to allow for resolving potential circular references
09:29:02,285 DEBUG DefaultListableBeanFactory:485 - Finished creating instance of bean &apos;org.springframework.context.annotation.internalAutowiredAnnotationProcessor&apos;
09:29:02,285 DEBUG DefaultListableBeanFactory:221 - Creating shared instance of singleton bean &apos;org.springframework.context.annotation.internalRequiredAnnotationProcessor&apos;
09:29:02,286 DEBUG DefaultListableBeanFactory:449 - Creating instance of bean &apos;org.springframework.context.annotation.internalRequiredAnnotationProcessor&apos;
09:29:02,287 DEBUG DefaultListableBeanFactory:539 - Eagerly caching bean &apos;org.springframework.context.annotation.internalRequiredAnnotationProcessor&apos; to allow for resolving potential circular references
09:29:02,291 DEBUG DefaultListableBeanFactory:485 - Finished creating instance of bean &apos;org.springframework.context.annotation.internalRequiredAnnotationProcessor&apos;
09:29:02,292 DEBUG DefaultListableBeanFactory:221 - Creating shared instance of singleton bean &apos;org.springframework.context.annotation.internalCommonAnnotationProcessor&apos;
09:29:02,292 DEBUG DefaultListableBeanFactory:449 - Creating instance of bean &apos;org.springframework.context.annotation.internalCommonAnnotationProcessor&apos;
09:29:02,297 DEBUG DefaultListableBeanFactory:539 - Eagerly caching bean &apos;org.springframework.context.annotation.internalCommonAnnotationProcessor&apos; to allow for resolving potential circular references
09:29:02,306 DEBUG DefaultListableBeanFactory:485 - Finished creating instance of bean &apos;org.springframework.context.annotation.internalCommonAnnotationProcessor&apos;
09:29:02,307 DEBUG DefaultListableBeanFactory:221 - Creating shared instance of singleton bean &apos;org.springframework.aop.config.internalAutoProxyCreator&apos;
09:29:02,307 DEBUG DefaultListableBeanFactory:449 - Creating instance of bean &apos;org.springframework.aop.config.internalAutoProxyCreator&apos;
09:29:02,318 DEBUG DefaultListableBeanFactory:539 - Eagerly caching bean &apos;org.springframework.aop.config.internalAutoProxyCreator&apos; to allow for resolving potential circular references
09:29:02,327 DEBUG DefaultListableBeanFactory:485 - Finished creating instance of bean &apos;org.springframework.aop.config.internalAutoProxyCreator&apos;
09:29:02,329 DEBUG GenericApplicationContext:734 - Unable to locate MessageSource with name &apos;messageSource&apos;: using default [org.springframework.context.support.DelegatingMessageSource@1a677343]
09:29:02,331 DEBUG GenericApplicationContext:758 - Unable to locate ApplicationEventMulticaster with name &apos;applicationEventMulticaster&apos;: using default [org.springframework.context.event.SimpleApplicationEventMulticaster@4d1c00d0]
[...]
### Error querying database.  Cause: org.springframework.jdbc.CannotGetJdbcConnectionException: Could not get JDBC Connection; nested exception is java.sql.SQLException: Access denied for user &apos;root&apos;@&apos;localhost&apos; (using password: YES)
### The error may exist in file [D:\IdeaProjects\fullstack1802\ssmdemo\target\classes\mapper\DynamicSQLDao.xml]
### The error may involve com.company.dao.DynamicSQLDao.dynamicSQLDemo3
### The error occurred while executing a query
### Cause: org.springframework.jdbc.CannotGetJdbcConnectionException: Could not get JDBC Connection; nested exception is java.sql.SQLException: Access denied for user &apos;root&apos;@&apos;localhost&apos; (using password: YES), mergedContextConfiguration = [MergedContextConfiguration@1e127982 testClass = DynamicSQLServiceTest, locations = &apos;{classpath:applicationContext.xml}&apos;, classes = &apos;{}&apos;, contextInitializerClasses = &apos;[]&apos;, activeProfiles = &apos;{}&apos;, propertySourceLocations = &apos;{}&apos;, propertySourceProperties = &apos;{}&apos;, contextCustomizers = set[[empty]], contextLoader = &apos;org.springframework.test.context.support.DelegatingSmartContextLoader&apos;, parent = [null]]], class annotated with @DirtiesContext [false] with mode [null], method annotated with @DirtiesContext [false] with mode [null].
</system-out>
  </testcase>
  <testcase classname="com.company.service.impl.DynamicSQLServiceTest" name="dynamicSQLDemo4" time="0.008">
    <error message="nested exception is org.apache.ibatis.exceptions.PersistenceException: 
### Error querying database.  Cause: org.springframework.jdbc.CannotGetJdbcConnectionException: Could not get JDBC Connection; nested exception is java.sql.SQLException: Access denied for user &apos;root&apos;@&apos;localhost&apos; (using password: YES)
### The error may exist in file [D:\IdeaProjects\fullstack1802\ssmdemo\target\classes\mapper\DynamicSQLDao.xml]
### The error may involve com.company.dao.DynamicSQLDao.dynamicSQLDemo4
### The error occurred while executing a query
### Cause: org.springframework.jdbc.CannotGetJdbcConnectionException: Could not get JDBC Connection; nested exception is java.sql.SQLException: Access denied for user &apos;root&apos;@&apos;localhost&apos; (using password: YES)" type="org.mybatis.spring.MyBatisSystemException">org.mybatis.spring.MyBatisSystemException: nested exception is org.apache.ibatis.exceptions.PersistenceException: 
### Error querying database.  Cause: org.springframework.jdbc.CannotGetJdbcConnectionException: Could not get JDBC Connection; nested exception is java.sql.SQLException: Access denied for user &apos;root&apos;@&apos;localhost&apos; (using password: YES)
### The error may exist in file [D:\IdeaProjects\fullstack1802\ssmdemo\target\classes\mapper\DynamicSQLDao.xml]
### The error may involve com.company.dao.DynamicSQLDao.dynamicSQLDemo4
### The error occurred while executing a query
### Cause: org.springframework.jdbc.CannotGetJdbcConnectionException: Could not get JDBC Connection; nested exception is java.sql.SQLException: Access denied for user &apos;root&apos;@&apos;localhost&apos; (using password: YES)
	at org.mybatis.spring.MyBatisExceptionTranslator.translateExceptionIfPossible(MyBatisExceptionTranslator.java:73)
	at org.mybatis.spring.SqlSessionTemplate$SqlSessionInterceptor.invoke(SqlSessionTemplate.java:364)
	at com.sun.proxy.$Proxy22.selectList(Unknown Source)
	at org.mybatis.spring.SqlSessionTemplate.selectList(SqlSessionTemplate.java:194)
	at org.apache.ibatis.binding.MapperMethod.executeForMany(MapperMethod.java:114)
	at org.apache.ibatis.binding.MapperMethod.execute(MapperMethod.java:58)
	at org.apache.ibatis.binding.MapperProxy.invoke(MapperProxy.java:43)
	at com.sun.proxy.$Proxy28.dynamicSQLDemo4(Unknown Source)
	at com.company.service.impl.DynamicSQLService.dynamicSQLDemo4(DynamicSQLService.java:36)
	at com.company.service.impl.DynamicSQLService$$FastClassBySpringCGLIB$$3e5d7a2f.invoke(&lt;generated&gt;)
	at org.springframework.cglib.proxy.MethodProxy.invoke(MethodProxy.java:204)
	at org.springframework.aop.framework.CglibAopProxy$CglibMethodInvocation.invokeJoinpoint(CglibAopProxy.java:736)
	at org.springframework.aop.framework.ReflectiveMethodInvocation.proceed(ReflectiveMethodInvocation.java:157)
	at org.springframework.transaction.interceptor.TransactionInterceptor$1.proceedWithInvocation(TransactionInterceptor.java:99)
	at org.springframework.transaction.interceptor.TransactionAspectSupport.invokeWithinTransaction(TransactionAspectSupport.java:282)
	at org.springframework.transaction.interceptor.TransactionInterceptor.invoke(TransactionInterceptor.java:96)
	at org.springframework.aop.framework.ReflectiveMethodInvocation.proceed(ReflectiveMethodInvocation.java:179)
	at org.springframework.aop.interceptor.ExposeInvocationInterceptor.invoke(ExposeInvocationInterceptor.java:92)
	at org.springframework.aop.framework.ReflectiveMethodInvocation.proceed(ReflectiveMethodInvocation.java:179)
	at org.springframework.aop.framework.CglibAopProxy$DynamicAdvisedInterceptor.intercept(CglibAopProxy.java:671)
	at com.company.service.impl.DynamicSQLService$$EnhancerBySpringCGLIB$$2547624a.dynamicSQLDemo4(&lt;generated&gt;)
	at com.company.service.impl.DynamicSQLServiceTest.dynamicSQLDemo4(DynamicSQLServiceTest.java:71)
	at sun.reflect.NativeMethodAccessorImpl.invoke0(Native Method)
	at sun.reflect.NativeMethodAccessorImpl.invoke(NativeMethodAccessorImpl.java:62)
	at sun.reflect.DelegatingMethodAccessorImpl.invoke(DelegatingMethodAccessorImpl.java:43)
	at java.lang.reflect.Method.invoke(Method.java:498)
	at org.junit.runners.model.FrameworkMethod$1.runReflectiveCall(FrameworkMethod.java:50)
	at org.junit.internal.runners.model.ReflectiveCallable.run(ReflectiveCallable.java:12)
	at org.junit.runners.model.FrameworkMethod.invokeExplosively(FrameworkMethod.java:47)
	at org.junit.internal.runners.statements.InvokeMethod.evaluate(InvokeMethod.java:17)
	at org.springframework.test.context.junit4.statements.RunBeforeTestMethodCallbacks.evaluate(RunBeforeTestMethodCallbacks.java:75)
	at org.springframework.test.context.junit4.statements.RunAfterTestMethodCallbacks.evaluate(RunAfterTestMethodCallbacks.java:86)
	at org.springframework.test.context.junit4.statements.SpringRepeat.evaluate(SpringRepeat.java:84)
	at org.junit.runners.ParentRunner.runLeaf(ParentRunner.java:325)
	at org.springframework.test.context.junit4.SpringJUnit4ClassRunner.runChild(SpringJUnit4ClassRunner.java:252)
	at org.springframework.test.context.junit4.SpringJUnit4ClassRunner.runChild(SpringJUnit4ClassRunner.java:94)
	at org.junit.runners.ParentRunner$3.run(ParentRunner.java:290)
	at org.junit.runners.ParentRunner$1.schedule(ParentRunner.java:71)
	at org.junit.runners.ParentRunner.runChildren(ParentRunner.java:288)
	at org.junit.runners.ParentRunner.access$000(ParentRunner.java:58)
	at org.junit.runners.ParentRunner$2.evaluate(ParentRunner.java:268)
	at org.springframework.test.context.junit4.statements.RunBeforeTestClassCallbacks.evaluate(RunBeforeTestClassCallbacks.java:61)
	at org.springframework.test.context.junit4.statements.RunAfterTestClassCallbacks.evaluate(RunAfterTestClassCallbacks.java:70)
	at org.junit.runners.ParentRunner.run(ParentRunner.java:363)
	at org.springframework.test.context.junit4.SpringJUnit4ClassRunner.run(SpringJUnit4ClassRunner.java:191)
	at org.apache.maven.surefire.junit4.JUnit4Provider.execute(JUnit4Provider.java:252)
	at org.apache.maven.surefire.junit4.JUnit4Provider.executeTestSet(JUnit4Provider.java:141)
	at org.apache.maven.surefire.junit4.JUnit4Provider.invoke(JUnit4Provider.java:112)
	at sun.reflect.NativeMethodAccessorImpl.invoke0(Native Method)
	at sun.reflect.NativeMethodAccessorImpl.invoke(NativeMethodAccessorImpl.java:62)
	at sun.reflect.DelegatingMethodAccessorImpl.invoke(DelegatingMethodAccessorImpl.java:43)
	at java.lang.reflect.Method.invoke(Method.java:498)
	at org.apache.maven.surefire.util.ReflectionUtils.invokeMethodWithArray(ReflectionUtils.java:189)
	at org.apache.maven.surefire.booter.ProviderFactory$ProviderProxy.invoke(ProviderFactory.java:165)
	at org.apache.maven.surefire.booter.ProviderFactory.invokeProvider(ProviderFactory.java:85)
	at org.apache.maven.surefire.booter.ForkedBooter.runSuitesInProcess(ForkedBooter.java:115)
	at org.apache.maven.surefire.booter.ForkedBooter.main(ForkedBooter.java:75)
Caused by: org.apache.ibatis.exceptions.PersistenceException: 
### Error querying database.  Cause: org.springframework.jdbc.CannotGetJdbcConnectionException: Could not get JDBC Connection; nested exception is java.sql.SQLException: Access denied for user &apos;root&apos;@&apos;localhost&apos; (using password: YES)
### The error may exist in file [D:\IdeaProjects\fullstack1802\ssmdemo\target\classes\mapper\DynamicSQLDao.xml]
### The error may involve com.company.dao.DynamicSQLDao.dynamicSQLDemo4
### The error occurred while executing a query
### Cause: org.springframework.jdbc.CannotGetJdbcConnectionException: Could not get JDBC Connection; nested exception is java.sql.SQLException: Access denied for user &apos;root&apos;@&apos;localhost&apos; (using password: YES)
	at org.apache.ibatis.exceptions.ExceptionFactory.wrapException(ExceptionFactory.java:23)
	at org.apache.ibatis.session.defaults.DefaultSqlSession.selectList(DefaultSqlSession.java:107)
	at org.apache.ibatis.session.defaults.DefaultSqlSession.selectList(DefaultSqlSession.java:98)
	at sun.reflect.NativeMethodAccessorImpl.invoke0(Native Method)
	at sun.reflect.NativeMethodAccessorImpl.invoke(NativeMethodAccessorImpl.java:62)
	at sun.reflect.DelegatingMethodAccessorImpl.invoke(DelegatingMethodAccessorImpl.java:43)
	at java.lang.reflect.Method.invoke(Method.java:498)
	at org.mybatis.spring.SqlSessionTemplate$SqlSessionInterceptor.invoke(SqlSessionTemplate.java:354)
	... 55 more
Caused by: org.springframework.jdbc.CannotGetJdbcConnectionException: Could not get JDBC Connection; nested exception is java.sql.SQLException: Access denied for user &apos;root&apos;@&apos;localhost&apos; (using password: YES)
	at org.springframework.jdbc.datasource.DataSourceUtils.getConnection(DataSourceUtils.java:80)
	at org.mybatis.spring.transaction.SpringManagedTransaction.openConnection(SpringManagedTransaction.java:80)
	at org.mybatis.spring.transaction.SpringManagedTransaction.getConnection(SpringManagedTransaction.java:66)
	at org.apache.ibatis.executor.BaseExecutor.getConnection(BaseExecutor.java:271)
	at org.apache.ibatis.executor.SimpleExecutor.prepareStatement(SimpleExecutor.java:69)
	at org.apache.ibatis.executor.SimpleExecutor.doQuery(SimpleExecutor.java:56)
	at org.apache.ibatis.executor.BaseExecutor.queryFromDatabase(BaseExecutor.java:259)
	at org.apache.ibatis.executor.BaseExecutor.query(BaseExecutor.java:132)
	at org.apache.ibatis.executor.CachingExecutor.query(CachingExecutor.java:105)
	at com.github.pagehelper.PageInterceptor.intercept(PageInterceptor.java:143)
	at org.apache.ibatis.plugin.Plugin.invoke(Plugin.java:57)
	at com.sun.proxy.$Proxy33.query(Unknown Source)
	at org.apache.ibatis.session.defaults.DefaultSqlSession.selectList(DefaultSqlSession.java:104)
	... 61 more
Caused by: java.sql.SQLException: Access denied for user &apos;root&apos;@&apos;localhost&apos; (using password: YES)
	at com.mysql.jdbc.SQLError.createSQLException(SQLError.java:1086)
	at com.mysql.jdbc.MysqlIO.checkErrorPacket(MysqlIO.java:4237)
	at com.mysql.jdbc.MysqlIO.checkErrorPacket(MysqlIO.java:4169)
	at com.mysql.jdbc.MysqlIO.checkErrorPacket(MysqlIO.java:928)
	at com.mysql.jdbc.MysqlIO.proceedHandshakeWithPluggableAuthentication(MysqlIO.java:1750)
	at com.mysql.jdbc.MysqlIO.doHandshake(MysqlIO.java:1290)
	at com.mysql.jdbc.ConnectionImpl.coreConnect(ConnectionImpl.java:2502)
	at com.mysql.jdbc.ConnectionImpl.connectOneTryOnly(ConnectionImpl.java:2535)
	at com.mysql.jdbc.ConnectionImpl.createNewIO(ConnectionImpl.java:2320)
	at com.mysql.jdbc.ConnectionImpl.&lt;init&gt;(ConnectionImpl.java:834)
	at com.mysql.jdbc.JDBC4Connection.&lt;init&gt;(JDBC4Connection.java:46)
	at sun.reflect.NativeConstructorAccessorImpl.newInstance0(Native Method)
	at sun.reflect.NativeConstructorAccessorImpl.newInstance(NativeConstructorAccessorImpl.java:62)
	at sun.reflect.DelegatingConstructorAccessorImpl.newInstance(DelegatingConstructorAccessorImpl.java:45)
	at java.lang.reflect.Constructor.newInstance(Constructor.java:423)
	at com.mysql.jdbc.Util.handleNewInstance(Util.java:411)
	at com.mysql.jdbc.ConnectionImpl.getInstance(ConnectionImpl.java:416)
	at com.mysql.jdbc.NonRegisteringDriver.connect(NonRegisteringDriver.java:347)
	at java.sql.DriverManager.getConnection(DriverManager.java:664)
	at java.sql.DriverManager.getConnection(DriverManager.java:208)
	at org.springframework.jdbc.datasource.DriverManagerDataSource.getConnectionFromDriverManager(DriverManagerDataSource.java:153)
	at org.springframework.jdbc.datasource.DriverManagerDataSource.getConnectionFromDriver(DriverManagerDataSource.java:144)
	at org.springframework.jdbc.datasource.AbstractDriverBasedDataSource.getConnectionFromDriver(AbstractDriverBasedDataSource.java:196)
	at org.springframework.jdbc.datasource.AbstractDriverBasedDataSource.getConnection(AbstractDriverBasedDataSource.java:159)
	at org.springframework.jdbc.datasource.DataSourceUtils.doGetConnection(DataSourceUtils.java:111)
	at org.springframework.jdbc.datasource.DataSourceUtils.getConnection(DataSourceUtils.java:77)
	... 73 more
</error>
    <system-out>09:29:03,640 DEBUG ProfileValueUtils:68 - Retrieved @ProfileValueSourceConfiguration [null] for test class [com.company.service.impl.DynamicSQLServiceTest]
09:29:03,641 DEBUG ProfileValueUtils:80 - Retrieved ProfileValueSource type [class org.springframework.test.annotation.SystemProfileValueSource] for class [com.company.service.impl.DynamicSQLServiceTest]
09:29:03,641 DEBUG DependencyInjectionTestExecutionListener:81 - Performing dependency injection for test context [[DefaultTestContext@617faa95 testClass = DynamicSQLServiceTest, testInstance = com.company.service.impl.DynamicSQLServiceTest@28e8dde3, testMethod = [null], testException = [null], mergedContextConfiguration = [MergedContextConfiguration@1e127982 testClass = DynamicSQLServiceTest, locations = &apos;{classpath:applicationContext.xml}&apos;, classes = &apos;{}&apos;, contextInitializerClasses = &apos;[]&apos;, activeProfiles = &apos;{}&apos;, propertySourceLocations = &apos;{}&apos;, propertySourceProperties = &apos;{}&apos;, contextCustomizers = set[[empty]], contextLoader = &apos;org.springframework.test.context.support.DelegatingSmartContextLoader&apos;, parent = [null]]]].
09:29:03,641 DEBUG DefaultCacheAwareContextLoaderDelegate:129 - Retrieved ApplicationContext from cache with key [[MergedContextConfiguration@1e127982 testClass = DynamicSQLServiceTest, locations = &apos;{classpath:applicationContext.xml}&apos;, classes = &apos;{}&apos;, contextInitializerClasses = &apos;[]&apos;, activeProfiles = &apos;{}&apos;, propertySourceLocations = &apos;{}&apos;, propertySourceProperties = &apos;{}&apos;, contextCustomizers = set[[empty]], contextLoader = &apos;org.springframework.test.context.support.DelegatingSmartContextLoader&apos;, parent = [null]]]
09:29:03,641 DEBUG cache:290 - Spring test ApplicationContext cache statistics: [DefaultContextCache@27d4a09 size = 1, maxSize = 32, parentContextCount = 0, hitCount = 8, missCount = 1]
09:29:03,642 DEBUG InjectionMetadata:86 - Processing injected element of bean &apos;com.company.service.impl.DynamicSQLServiceTest&apos;: AutowiredFieldElement for com.company.service.impl.DynamicSQLService com.company.service.impl.DynamicSQLServiceTest.dynamicSQLService
09:29:03,642 DEBUG DefaultListableBeanFactory:251 - Returning cached instance of singleton bean &apos;dynamicSQLService&apos;
09:29:03,642 DEBUG DefaultListableBeanFactory:251 - Returning cached instance of singleton bean &apos;org.springframework.aop.support.DefaultBeanFactoryPointcutAdvisor#0&apos;
09:29:03,642 DEBUG DefaultListableBeanFactory:251 - Returning cached instance of singleton bean &apos;org.springframework.aop.support.DefaultBeanFactoryPointcutAdvisor#0&apos;
09:29:03,642 DEBUG AspectJAwareAdvisorAutoProxyCreator:524 - Creating implicit proxy for bean &apos;com.company.service.impl.DynamicSQLServiceTest&apos; with 0 common interceptors and 2 specific interceptors
09:29:03,642 DEBUG CglibAopProxy:157 - Creating CGLIB proxy: target source is SingletonTargetSource for target object [com.company.service.impl.DynamicSQLServiceTest@28e8dde3]
09:29:03,643 DEBUG AbstractDirtiesContextTestExecutionListener:106 - Before test method: context [DefaultTestContext@617faa95 testClass = DynamicSQLServiceTest, testInstance = com.company.service.impl.DynamicSQLServiceTest@28e8dde3, testMethod = dynamicSQLDemo4@DynamicSQLServiceTest, testException = [null], mergedContextConfiguration = [MergedContextConfiguration@1e127982 testClass = DynamicSQLServiceTest, locations = &apos;{classpath:applicationContext.xml}&apos;, classes = &apos;{}&apos;, contextInitializerClasses = &apos;[]&apos;, activeProfiles = &apos;{}&apos;, propertySourceLocations = &apos;{}&apos;, propertySourceProperties = &apos;{}&apos;, contextCustomizers = set[[empty]], contextLoader = &apos;org.springframework.test.context.support.DelegatingSmartContextLoader&apos;, parent = [null]]], class annotated with @DirtiesContext [false] with mode [null], method annotated with @DirtiesContext [false] with mode [null].
09:29:03,644 DEBUG SqlSessionUtils:106 - Creating a new SqlSession
09:29:03,644 DEBUG SqlSessionUtils:142 - SqlSession [org.apache.ibatis.session.defaults.DefaultSqlSession@6d23017e] was not registered for synchronization because synchronization is not active
09:29:03,645 DEBUG DataSourceUtils:110 - Fetching JDBC Connection from DataSource
09:29:03,645 DEBUG DriverManagerDataSource:142 - Creating new JDBC DriverManager Connection to [jdbc:mysql://localhost:3306/test]
09:29:03,649 DEBUG SqlSessionUtils:170 - Closing non transactional SqlSession [org.apache.ibatis.session.defaults.DefaultSqlSession@6d23017e]
09:29:03,649 DEBUG AbstractDirtiesContextTestExecutionListener:106 - After test method: context [DefaultTestContext@617faa95 testClass = DynamicSQLServiceTest, testInstance = com.company.service.impl.DynamicSQLServiceTest@28e8dde3, testMethod = dynamicSQLDemo4@DynamicSQLServiceTest, testException = org.mybatis.spring.MyBatisSystemException: nested exception is org.apache.ibatis.exceptions.PersistenceException: 
### Error querying database.  Cause: org.springframework.jdbc.CannotGetJdbcConnectionException: Could not get JDBC Connection; nested exception is java.sql.SQLException: Access denied for user &apos;root&apos;@&apos;localhost&apos; (using password: YES)
### The error may exist in file [D:\IdeaProjects\fullstack1802\ssmdemo\target\classes\mapper\DynamicSQLDao.xml]
### The error may involve com.company.dao.DynamicSQLDao.dynamicSQLDemo4
### The error occurred while executing a query
### Cause: org.springframework.jdbc.CannotGetJdbcConnectionException: Could not get JDBC Connection; nested exception is java.sql.SQLException: Access denied for user &apos;root&apos;@&apos;localhost&apos; (using password: YES), mergedContextConfiguration = [MergedContextConfiguration@1e127982 testClass = DynamicSQLServiceTest, locations = &apos;{classpath:applicationContext.xml}&apos;, classes = &apos;{}&apos;, contextInitializerClasses = &apos;[]&apos;, activeProfiles = &apos;{}&apos;, propertySourceLocations = &apos;{}&apos;, propertySourceProperties = &apos;{}&apos;, contextCustomizers = set[[empty]], contextLoader = &apos;org.springframework.test.context.support.DelegatingSmartContextLoader&apos;, parent = [null]]], class annotated with @DirtiesContext [false] with mode [null], method annotated with @DirtiesContext [false] with mode [null].
</system-out>
  </testcase>
</testsuite>